# JRE version: OpenJDK Runtime Environment Temurin-21.0.10+7 (21.0.10+7) (build 21.0.10+7-LTS)
# Java VM: OpenJDK 64-Bit Server VM Temurin-21.0.10+7 (21.0.10+7-LTS, mixed mode, sharing, tiered, compressed oops, compressed class ptrs, parallel gc, windows-amd64)
GC Precious Log:
 CardTable entry size: 512
 CPUs: 18 total, 18 available
 Memory: 15805M
 Large Page Support: Disabled
 NUMA Support: Disabled
 Compressed Oops: Enabled (32-bit)
 Alignments: Space 512K, Generation 512K, Heap 2M
 Heap Min Capacity: 100M
 Heap Initial Capacity: 100M
 Heap Max Capacity: 2G
 Pre-touch: Disabled
 Parallel Workers: 14
Heap:
 PSYoungGen      total 4096K, used 893K [0x00000000d5580000, 0x00000000d5a80000, 0x0000000100000000)
  eden space 3584K, 16% used [0x00000000d5580000,0x00000000d560f718,0x00000000d5900000)
  from space 512K, 62% used [0x00000000d5900000,0x00000000d5950000,0x00000000d5980000)
  to   space 512K, 0% used [0x00000000d5a00000,0x00000000d5a00000,0x00000000d5a80000)
 ParOldGen       total 324608K, used 324134K [0x0000000080000000, 0x0000000093d00000, 0x00000000d5580000)
  object space 324608K, 99% used [0x0000000080000000,0x0000000093c89a20,0x0000000093d00000)
 Metaspace       used 72243K, committed 73920K, reserved 1179648K
  class space    used 7513K, committed 8256K, reserved 1048576K
GC Heap History (20 events):
Event: 78.836 GC heap before
{Heap before GC invocations=403 (full 3):
 PSYoungGen      total 4096K, used 2131K [0x00000000d5580000, 0x00000000d5a00000, 0x0000000100000000)
  eden space 3072K, 57% used [0x00000000d5580000,0x00000000d573ced8,0x00000000d5880000)
  from space 1024K, 34% used [0x00000000d5880000,0x00000000d58d8000,0x00000000d5980000)
  to   space 512K, 0% used [0x00000000d5980000,0x00000000d5980000,0x00000000d5a00000)
 ParOldGen       total 320000K, used 319983K [0x0000000080000000, 0x0000000093880000, 0x00000000d5580000)
  object space 320000K, 99% used [0x0000000080000000,0x000000009387bef0,0x0000000093880000)
 Metaspace       used 72209K, committed 73792K, reserved 1179648K
  class space    used 7509K, committed 8192K, reserved 1048576K
}
Event: 78.838 GC heap after
{Heap after GC invocations=403 (full 3):
 PSYoungGen      total 3584K, used 192K [0x00000000d5580000, 0x00000000d5a00000, 0x0000000100000000)
  eden space 3072K, 0% used [0x00000000d5580000,0x00000000d5580000,0x00000000d5880000)
  from space 512K, 37% used [0x00000000d5980000,0x00000000d59b0000,0x00000000d5a00000)
  to   space 512K, 0% used [0x00000000d5900000,0x00000000d5900000,0x00000000d5980000)
 ParOldGen       total 320512K, used 320055K [0x0000000080000000, 0x0000000093900000, 0x00000000d5580000)
  object space 320512K, 99% used [0x0000000080000000,0x000000009388def0,0x0000000093900000)
 Metaspace       used 72209K, committed 73792K, reserved 1179648K
  class space    used 7509K, committed 8192K, reserved 1048576K
}
Event: 78.851 GC heap before
{Heap before GC invocations=404 (full 3):
 PSYoungGen      total 3584K, used 3264K [0x00000000d5580000, 0x00000000d5a00000, 0x0000000100000000)
  eden space 3072K, 100% used [0x00000000d5580000,0x00000000d5880000,0x00000000d5880000)
  from space 512K, 37% used [0x00000000d5980000,0x00000000d59b0000,0x00000000d5a00000)
  to   space 512K, 0% used [0x00000000d5900000,0x00000000d5900000,0x00000000d5980000)
 ParOldGen       total 320512K, used 320055K [0x0000000080000000, 0x0000000093900000, 0x00000000d5580000)
  object space 320512K, 99% used [0x0000000080000000,0x000000009388def0,0x0000000093900000)
 Metaspace       used 72209K, committed 73792K, reserved 1179648K
  class space    used 7509K, committed 8192K, reserved 1048576K
}
Event: 78.855 GC heap after
{Heap after GC invocations=404 (full 3):
 PSYoungGen      total 3584K, used 384K [0x00000000d5580000, 0x00000000d5a00000, 0x0000000100000000)
  eden space 3072K, 0% used [0x00000000d5580000,0x00000000d5580000,0x00000000d5880000)
  from space 512K, 75% used [0x00000000d5900000,0x00000000d5960000,0x00000000d5980000)
  to   space 512K, 0% used [0x00000000d5980000,0x00000000d5980000,0x00000000d5a00000)
 ParOldGen       total 320512K, used 320095K [0x0000000080000000, 0x0000000093900000, 0x00000000d5580000)
  object space 320512K, 99% used [0x0000000080000000,0x0000000093897ef0,0x0000000093900000)
 Metaspace       used 72209K, committed 73792K, reserved 1179648K
  class space    used 7509K, committed 8192K, reserved 1048576K
}
Event: 78.870 GC heap before
{Heap before GC invocations=405 (full 3):
 PSYoungGen      total 3584K, used 2509K [0x00000000d5580000, 0x00000000d5a00000, 0x0000000100000000)
  eden space 3072K, 69% used [0x00000000d5580000,0x00000000d57934c0,0x00000000d5880000)
  from space 512K, 75% used [0x00000000d5900000,0x00000000d5960000,0x00000000d5980000)
  to   space 512K, 0% used [0x00000000d5980000,0x00000000d5980000,0x00000000d5a00000)
 ParOldGen       total 320512K, used 320095K [0x0000000080000000, 0x0000000093900000, 0x00000000d5580000)
  object space 320512K, 99% used [0x0000000080000000,0x0000000093897ef0,0x0000000093900000)
 Metaspace       used 72210K, committed 73792K, reserved 1179648K
  class space    used 7509K, committed 8192K, reserved 1048576K
}
Event: 78.873 GC heap after
{Heap after GC invocations=405 (full 3):
 PSYoungGen      total 3584K, used 480K [0x00000000d5580000, 0x00000000d5a00000, 0x0000000100000000)
  eden space 3072K, 0% used [0x00000000d5580000,0x00000000d5580000,0x00000000d5880000)
  from space 512K, 93% used [0x00000000d5980000,0x00000000d59f8000,0x00000000d5a00000)
  to   space 512K, 0% used [0x00000000d5900000,0x00000000d5900000,0x00000000d5980000)
 ParOldGen       total 320512K, used 320359K [0x0000000080000000, 0x0000000093900000, 0x00000000d5580000)
  object space 320512K, 99% used [0x0000000080000000,0x00000000938d9ef0,0x0000000093900000)
 Metaspace       used 72210K, committed 73792K, reserved 1179648K
  class space    used 7509K, committed 8192K, reserved 1048576K
}
Event: 78.880 GC heap before
{Heap before GC invocations=406 (full 3):
 PSYoungGen      total 3584K, used 2258K [0x00000000d5580000, 0x00000000d5a00000, 0x0000000100000000)
  eden space 3072K, 57% used [0x00000000d5580000,0x00000000d573cb68,0x00000000d5880000)
  from space 512K, 93% used [0x00000000d5980000,0x00000000d59f8000,0x00000000d5a00000)
  to   space 512K, 0% used [0x00000000d5900000,0x00000000d5900000,0x00000000d5980000)
 ParOldGen       total 320512K, used 320359K [0x0000000080000000, 0x0000000093900000, 0x00000000d5580000)
  object space 320512K, 99% used [0x0000000080000000,0x00000000938d9ef0,0x0000000093900000)
 Metaspace       used 72210K, committed 73792K, reserved 1179648K
  class space    used 7509K, committed 8192K, reserved 1048576K
}
Event: 78.883 GC heap after
{Heap after GC invocations=406 (full 3):
 PSYoungGen      total 3584K, used 160K [0x00000000d5580000, 0x00000000d5a00000, 0x0000000100000000)
  eden space 3072K, 0% used [0x00000000d5580000,0x00000000d5580000,0x00000000d5880000)
  from space 512K, 31% used [0x00000000d5900000,0x00000000d5928000,0x00000000d5980000)
  to   space 512K, 0% used [0x00000000d5980000,0x00000000d5980000,0x00000000d5a00000)
 ParOldGen       total 321024K, used 320599K [0x0000000080000000, 0x0000000093980000, 0x00000000d5580000)
  object space 321024K, 99% used [0x0000000080000000,0x0000000093915ef0,0x0000000093980000)
 Metaspace       used 72210K, committed 73792K, reserved 1179648K
  class space    used 7509K, committed 8192K, reserved 1048576K
}
Event: 78.890 GC heap before
{Heap before GC invocations=407 (full 3):
 PSYoungGen      total 3584K, used 1939K [0x00000000d5580000, 0x00000000d5a00000, 0x0000000100000000)
  eden space 3072K, 57% used [0x00000000d5580000,0x00000000d573ce18,0x00000000d5880000)
  from space 512K, 31% used [0x00000000d5900000,0x00000000d5928000,0x00000000d5980000)
  to   space 512K, 0% used [0x00000000d5980000,0x00000000d5980000,0x00000000d5a00000)
 ParOldGen       total 321024K, used 320599K [0x0000000080000000, 0x0000000093980000, 0x00000000d5580000)
  object space 321024K, 99% used [0x0000000080000000,0x0000000093915ef0,0x0000000093980000)
 Metaspace       used 72210K, committed 73792K, reserved 1179648K
  class space    used 7509K, committed 8192K, reserved 1048576K
}
Event: 78.892 GC heap after
{Heap after GC invocations=407 (full 3):
 PSYoungGen      total 3584K, used 288K [0x00000000d5580000, 0x00000000d5a00000, 0x0000000100000000)
  eden space 3072K, 0% used [0x00000000d5580000,0x00000000d5580000,0x00000000d5880000)
  from space 512K, 56% used [0x00000000d5980000,0x00000000d59c8000,0x00000000d5a00000)
  to   space 512K, 0% used [0x00000000d5900000,0x00000000d5900000,0x00000000d5980000)
 ParOldGen       total 321024K, used 320623K [0x0000000080000000, 0x0000000093980000, 0x00000000d5580000)
  object space 321024K, 99% used [0x0000000080000000,0x000000009391bef0,0x0000000093980000)
 Metaspace       used 72210K, committed 73792K, reserved 1179648K
  class space    used 7509K, committed 8192K, reserved 1048576K
}
Event: 78.899 GC heap before
{Heap before GC invocations=408 (full 3):
 PSYoungGen      total 3584K, used 2066K [0x00000000d5580000, 0x00000000d5a00000, 0x0000000100000000)
  eden space 3072K, 57% used [0x00000000d5580000,0x00000000d573cb58,0x00000000d5880000)
  from space 512K, 56% used [0x00000000d5980000,0x00000000d59c8000,0x00000000d5a00000)
  to   space 512K, 0% used [0x00000000d5900000,0x00000000d5900000,0x00000000d5980000)
 ParOldGen       total 321024K, used 320623K [0x0000000080000000, 0x0000000093980000, 0x00000000d5580000)
  object space 321024K, 99% used [0x0000000080000000,0x000000009391bef0,0x0000000093980000)
 Metaspace       used 72210K, committed 73792K, reserved 1179648K
  class space    used 7509K, committed 8192K, reserved 1048576K
}
Event: 78.902 GC heap after
{Heap after GC invocations=408 (full 3):
 PSYoungGen      total 4096K, used 256K [0x00000000d5580000, 0x00000000d5a80000, 0x0000000100000000)
  eden space 3584K, 0% used [0x00000000d5580000,0x00000000d5580000,0x00000000d5900000)
  from space 512K, 50% used [0x00000000d5900000,0x00000000d5940000,0x00000000d5980000)
  to   space 512K, 0% used [0x00000000d5a00000,0x00000000d5a00000,0x00000000d5a80000)
 ParOldGen       total 321024K, used 320639K [0x0000000080000000, 0x0000000093980000, 0x00000000d5580000)
  object space 321024K, 99% used [0x0000000080000000,0x000000009391fef0,0x0000000093980000)
 Metaspace       used 72210K, committed 73792K, reserved 1179648K
  class space    used 7509K, committed 8192K, reserved 1048576K
}
Event: 78.952 GC heap before
{Heap before GC invocations=409 (full 3):
 PSYoungGen      total 4096K, used 2762K [0x00000000d5580000, 0x00000000d5a80000, 0x0000000100000000)
  eden space 3584K, 69% used [0x00000000d5580000,0x00000000d57f2950,0x00000000d5900000)
  from space 512K, 50% used [0x00000000d5900000,0x00000000d5940000,0x00000000d5980000)
  to   space 512K, 0% used [0x00000000d5a00000,0x00000000d5a00000,0x00000000d5a80000)
 ParOldGen       total 321024K, used 320639K [0x0000000080000000, 0x0000000093980000, 0x00000000d5580000)
  object space 321024K, 99% used [0x0000000080000000,0x000000009391fef0,0x0000000093980000)
 Metaspace       used 72210K, committed 73792K, reserved 1179648K
  class space    used 7509K, committed 8192K, reserved 1048576K
}
Event: 78.954 GC heap after
{Heap after GC invocations=409 (full 3):
 PSYoungGen      total 4096K, used 352K [0x00000000d5580000, 0x00000000d5a80000, 0x0000000100000000)
  eden space 3584K, 0% used [0x00000000d5580000,0x00000000d5580000,0x00000000d5900000)
  from space 512K, 68% used [0x00000000d5a00000,0x00000000d5a58000,0x00000000d5a80000)
  to   space 512K, 0% used [0x00000000d5900000,0x00000000d5900000,0x00000000d5980000)
 ParOldGen       total 321024K, used 320655K [0x0000000080000000, 0x0000000093980000, 0x00000000d5580000)
  object space 321024K, 99% used [0x0000000080000000,0x0000000093923ef0,0x0000000093980000)
 Metaspace       used 72210K, committed 73792K, reserved 1179648K
  class space    used 7509K, committed 8192K, reserved 1048576K
}
Event: 78.995 GC heap before
{Heap before GC invocations=410 (full 3):
 PSYoungGen      total 4096K, used 3936K [0x00000000d5580000, 0x00000000d5a80000, 0x0000000100000000)
  eden space 3584K, 100% used [0x00000000d5580000,0x00000000d5900000,0x00000000d5900000)
  from space 512K, 68% used [0x00000000d5a00000,0x00000000d5a58000,0x00000000d5a80000)
  to   space 512K, 0% used [0x00000000d5900000,0x00000000d5900000,0x00000000d5980000)
 ParOldGen       total 321024K, used 320655K [0x0000000080000000, 0x0000000093980000, 0x00000000d5580000)
  object space 321024K, 99% used [0x0000000080000000,0x0000000093923ef0,0x0000000093980000)
 Metaspace       used 72211K, committed 73792K, reserved 1179648K
  class space    used 7510K, committed 8192K, reserved 1048576K
}
Event: 78.998 GC heap after
{Heap after GC invocations=410 (full 3):
 PSYoungGen      total 4096K, used 448K [0x00000000d5580000, 0x00000000d5a80000, 0x0000000100000000)
  eden space 3584K, 0% used [0x00000000d5580000,0x00000000d5580000,0x00000000d5900000)
  from space 512K, 87% used [0x00000000d5900000,0x00000000d5970000,0x00000000d5980000)
  to   space 512K, 0% used [0x00000000d5a00000,0x00000000d5a00000,0x00000000d5a80000)
 ParOldGen       total 321024K, used 320820K [0x0000000080000000, 0x0000000093980000, 0x00000000d5580000)
  object space 321024K, 99% used [0x0000000080000000,0x000000009394d0f0,0x0000000093980000)
 Metaspace       used 72211K, committed 73792K, reserved 1179648K
  class space    used 7510K, committed 8192K, reserved 1048576K
}
Event: 79.029 GC heap before
{Heap before GC invocations=411 (full 3):
 PSYoungGen      total 4096K, used 3991K [0x00000000d5580000, 0x00000000d5a80000, 0x0000000100000000)
  eden space 3584K, 98% used [0x00000000d5580000,0x00000000d58f5ff8,0x00000000d5900000)
  from space 512K, 87% used [0x00000000d5900000,0x00000000d5970000,0x00000000d5980000)
  to   space 512K, 0% used [0x00000000d5a00000,0x00000000d5a00000,0x00000000d5a80000)
 ParOldGen       total 321024K, used 320820K [0x0000000080000000, 0x0000000093980000, 0x00000000d5580000)
  object space 321024K, 99% used [0x0000000080000000,0x000000009394d0f0,0x0000000093980000)
 Metaspace       used 72212K, committed 73792K, reserved 1179648K
  class space    used 7510K, committed 8192K, reserved 1048576K
}
Event: 79.034 GC heap after
{Heap after GC invocations=411 (full 3):
 PSYoungGen      total 4096K, used 416K [0x00000000d5580000, 0x00000000d5a80000, 0x0000000100000000)
  eden space 3584K, 0% used [0x00000000d5580000,0x00000000d5580000,0x00000000d5900000)
  from space 512K, 81% used [0x00000000d5a00000,0x00000000d5a68000,0x00000000d5a80000)
  to   space 512K, 0% used [0x00000000d5900000,0x00000000d5900000,0x00000000d5980000)
 ParOldGen       total 324096K, used 324014K [0x0000000080000000, 0x0000000093c80000, 0x00000000d5580000)
  object space 324096K, 99% used [0x0000000080000000,0x0000000093c6ba20,0x0000000093c80000)
 Metaspace       used 72212K, committed 73792K, reserved 1179648K
  class space    used 7510K, committed 8192K, reserved 1048576K
}
Event: 79.064 GC heap before
{Heap before GC invocations=412 (full 3):
 PSYoungGen      total 4096K, used 4000K [0x00000000d5580000, 0x00000000d5a80000, 0x0000000100000000)
  eden space 3584K, 100% used [0x00000000d5580000,0x00000000d5900000,0x00000000d5900000)
  from space 512K, 81% used [0x00000000d5a00000,0x00000000d5a68000,0x00000000d5a80000)
  to   space 512K, 0% used [0x00000000d5900000,0x00000000d5900000,0x00000000d5980000)
 ParOldGen       total 324096K, used 324014K [0x0000000080000000, 0x0000000093c80000, 0x00000000d5580000)
  object space 324096K, 99% used [0x0000000080000000,0x0000000093c6ba20,0x0000000093c80000)
 Metaspace       used 72213K, committed 73792K, reserved 1179648K
  class space    used 7510K, committed 8192K, reserved 1048576K
}
Event: 79.067 GC heap after
{Heap after GC invocations=412 (full 3):
 PSYoungGen      total 4096K, used 320K [0x00000000d5580000, 0x00000000d5a80000, 0x0000000100000000)
  eden space 3584K, 0% used [0x00000000d5580000,0x00000000d5580000,0x00000000d5900000)
  from space 512K, 62% used [0x00000000d5900000,0x00000000d5950000,0x00000000d5980000)
  to   space 512K, 0% used [0x00000000d5a00000,0x00000000d5a00000,0x00000000d5a80000)
 ParOldGen       total 324608K, used 324134K [0x0000000080000000, 0x0000000093d00000, 0x00000000d5580000)
  object space 324608K, 99% used [0x0000000080000000,0x0000000093c89a20,0x0000000093d00000)
 Metaspace       used 72213K, committed 73792K, reserved 1179648K
  class space    used 7510K, committed 8192K, reserved 1048576K
}

