# JRE version: OpenJDK Runtime Environment Temurin-21.0.10+7 (21.0.10+7) (build 21.0.10+7-LTS)
# Java VM: OpenJDK 64-Bit Server VM Temurin-21.0.10+7 (21.0.10+7-LTS, mixed mode, sharing, tiered, compressed oops, compressed class ptrs, parallel gc, windows-amd64)
GC Precious Log:
 CardTable entry size: 512
 CPUs: 18 total, 18 available
 Memory: 15805M
 Large Page Support: Disabled
 NUMA Support: Disabled
 Compressed Oops: Enabled (32-bit)
 Alignments: Space 512K, Generation 512K, Heap 2M
 Heap Min Capacity: 100M
 Heap Initial Capacity: 100M
 Heap Max Capacity: 2G
 Pre-touch: Disabled
 Parallel Workers: 14
Heap:
 PSYoungGen      total 5632K, used 5141K [0x00000000d5580000, 0x00000000d5c00000, 0x0000000100000000)
  eden space 4608K, 99% used [0x00000000d5580000,0x00000000d59ffc68,0x00000000d5a00000)
  from space 1024K, 52% used [0x00000000d5b00000,0x00000000d5b85938,0x00000000d5c00000)
  to   space 1024K, 0% used [0x00000000d5a00000,0x00000000d5a00000,0x00000000d5b00000)
 ParOldGen       total 354816K, used 354316K [0x0000000080000000, 0x0000000095a80000, 0x00000000d5580000)
  object space 354816K, 99% used [0x0000000080000000,0x0000000095a05088,0x0000000095a80000)
 Metaspace       used 68900K, committed 70464K, reserved 1114112K
  class space    used 7189K, committed 7808K, reserved 1048576K
GC Heap History (20 events):
Event: 37.586 GC heap after
{Heap after GC invocations=486 (full 3):
 PSYoungGen      total 3584K, used 320K [0x00000000d5580000, 0x00000000d5a00000, 0x0000000100000000)
  eden space 3072K, 0% used [0x00000000d5580000,0x00000000d5580000,0x00000000d5880000)
  from space 512K, 62% used [0x00000000d5900000,0x00000000d5950000,0x00000000d5980000)
  to   space 512K, 0% used [0x00000000d5980000,0x00000000d5980000,0x00000000d5a00000)
 ParOldGen       total 344576K, used 344139K [0x0000000080000000, 0x0000000095080000, 0x00000000d5580000)
  object space 344576K, 99% used [0x0000000080000000,0x0000000095012e50,0x0000000095080000)
 Metaspace       used 68897K, committed 70464K, reserved 1114112K
  class space    used 7189K, committed 7808K, reserved 1048576K
}
Event: 37.592 GC heap before
{Heap before GC invocations=487 (full 3):
 PSYoungGen      total 3584K, used 2742K [0x00000000d5580000, 0x00000000d5a00000, 0x0000000100000000)
  eden space 3072K, 78% used [0x00000000d5580000,0x00000000d57dd998,0x00000000d5880000)
  from space 512K, 62% used [0x00000000d5900000,0x00000000d5950000,0x00000000d5980000)
  to   space 512K, 0% used [0x00000000d5980000,0x00000000d5980000,0x00000000d5a00000)
 ParOldGen       total 344576K, used 344139K [0x0000000080000000, 0x0000000095080000, 0x00000000d5580000)
  object space 344576K, 99% used [0x0000000080000000,0x0000000095012e50,0x0000000095080000)
 Metaspace       used 68897K, committed 70464K, reserved 1114112K
  class space    used 7189K, committed 7808K, reserved 1048576K
}
Event: 37.594 GC heap after
{Heap after GC invocations=487 (full 3):
 PSYoungGen      total 4096K, used 288K [0x00000000d5580000, 0x00000000d5a80000, 0x0000000100000000)
  eden space 3584K, 0% used [0x00000000d5580000,0x00000000d5580000,0x00000000d5900000)
  from space 512K, 56% used [0x00000000d5980000,0x00000000d59c8000,0x00000000d5a00000)
  to   space 512K, 0% used [0x00000000d5900000,0x00000000d5900000,0x00000000d5980000)
 ParOldGen       total 344576K, used 344211K [0x0000000080000000, 0x0000000095080000, 0x00000000d5580000)
  object space 344576K, 99% used [0x0000000080000000,0x0000000095024e50,0x0000000095080000)
 Metaspace       used 68897K, committed 70464K, reserved 1114112K
  class space    used 7189K, committed 7808K, reserved 1048576K
}
Event: 37.601 GC heap before
{Heap before GC invocations=488 (full 3):
 PSYoungGen      total 4096K, used 2861K [0x00000000d5580000, 0x00000000d5a80000, 0x0000000100000000)
  eden space 3584K, 71% used [0x00000000d5580000,0x00000000d5803798,0x00000000d5900000)
  from space 512K, 56% used [0x00000000d5980000,0x00000000d59c8000,0x00000000d5a00000)
  to   space 512K, 0% used [0x00000000d5900000,0x00000000d5900000,0x00000000d5980000)
 ParOldGen       total 344576K, used 344211K [0x0000000080000000, 0x0000000095080000, 0x00000000d5580000)
  object space 344576K, 99% used [0x0000000080000000,0x0000000095024e50,0x0000000095080000)
 Metaspace       used 68897K, committed 70464K, reserved 1114112K
  class space    used 7189K, committed 7808K, reserved 1048576K
}
Event: 37.603 GC heap after
{Heap after GC invocations=488 (full 3):
 PSYoungGen      total 4096K, used 416K [0x00000000d5580000, 0x00000000d5b00000, 0x0000000100000000)
  eden space 3584K, 0% used [0x00000000d5580000,0x00000000d5580000,0x00000000d5900000)
  from space 512K, 81% used [0x00000000d5900000,0x00000000d5968000,0x00000000d5980000)
  to   space 512K, 0% used [0x00000000d5a80000,0x00000000d5a80000,0x00000000d5b00000)
 ParOldGen       total 344576K, used 344267K [0x0000000080000000, 0x0000000095080000, 0x00000000d5580000)
  object space 344576K, 99% used [0x0000000080000000,0x0000000095032e50,0x0000000095080000)
 Metaspace       used 68897K, committed 70464K, reserved 1114112K
  class space    used 7189K, committed 7808K, reserved 1048576K
}
Event: 37.614 GC heap before
{Heap before GC invocations=489 (full 3):
 PSYoungGen      total 4096K, used 4000K [0x00000000d5580000, 0x00000000d5b00000, 0x0000000100000000)
  eden space 3584K, 100% used [0x00000000d5580000,0x00000000d5900000,0x00000000d5900000)
  from space 512K, 81% used [0x00000000d5900000,0x00000000d5968000,0x00000000d5980000)
  to   space 512K, 0% used [0x00000000d5a80000,0x00000000d5a80000,0x00000000d5b00000)
 ParOldGen       total 344576K, used 344267K [0x0000000080000000, 0x0000000095080000, 0x00000000d5580000)
  object space 344576K, 99% used [0x0000000080000000,0x0000000095032e50,0x0000000095080000)
 Metaspace       used 68897K, committed 70464K, reserved 1114112K
  class space    used 7189K, committed 7808K, reserved 1048576K
}
Event: 37.617 GC heap after
{Heap after GC invocations=489 (full 3):
 PSYoungGen      total 5120K, used 448K [0x00000000d5580000, 0x00000000d5b00000, 0x0000000100000000)
  eden space 4608K, 0% used [0x00000000d5580000,0x00000000d5580000,0x00000000d5a00000)
  from space 512K, 87% used [0x00000000d5a80000,0x00000000d5af0000,0x00000000d5b00000)
  to   space 512K, 0% used [0x00000000d5a00000,0x00000000d5a00000,0x00000000d5a80000)
 ParOldGen       total 344576K, used 344451K [0x0000000080000000, 0x0000000095080000, 0x00000000d5580000)
  object space 344576K, 99% used [0x0000000080000000,0x0000000095060e50,0x0000000095080000)
 Metaspace       used 68897K, committed 70464K, reserved 1114112K
  class space    used 7189K, committed 7808K, reserved 1048576K
}
Event: 37.637 GC heap before
{Heap before GC invocations=490 (full 3):
 PSYoungGen      total 5120K, used 5056K [0x00000000d5580000, 0x00000000d5b00000, 0x0000000100000000)
  eden space 4608K, 100% used [0x00000000d5580000,0x00000000d5a00000,0x00000000d5a00000)
  from space 512K, 87% used [0x00000000d5a80000,0x00000000d5af0000,0x00000000d5b00000)
  to   space 512K, 0% used [0x00000000d5a00000,0x00000000d5a00000,0x00000000d5a80000)
 ParOldGen       total 344576K, used 344451K [0x0000000080000000, 0x0000000095080000, 0x00000000d5580000)
  object space 344576K, 99% used [0x0000000080000000,0x0000000095060e50,0x0000000095080000)
 Metaspace       used 68897K, committed 70464K, reserved 1114112K
  class space    used 7189K, committed 7808K, reserved 1048576K
}
Event: 37.640 GC heap after
{Heap after GC invocations=490 (full 3):
 PSYoungGen      total 5120K, used 512K [0x00000000d5580000, 0x00000000d5c00000, 0x0000000100000000)
  eden space 4608K, 0% used [0x00000000d5580000,0x00000000d5580000,0x00000000d5a00000)
  from space 512K, 100% used [0x00000000d5a00000,0x00000000d5a80000,0x00000000d5a80000)
  to   space 1024K, 0% used [0x00000000d5b00000,0x00000000d5b00000,0x00000000d5c00000)
 ParOldGen       total 345088K, used 344707K [0x0000000080000000, 0x0000000095100000, 0x00000000d5580000)
  object space 345088K, 99% used [0x0000000080000000,0x00000000950a0e50,0x0000000095100000)
 Metaspace       used 68897K, committed 70464K, reserved 1114112K
  class space    used 7189K, committed 7808K, reserved 1048576K
}
Event: 37.656 GC heap before
{Heap before GC invocations=491 (full 3):
 PSYoungGen      total 5120K, used 4442K [0x00000000d5580000, 0x00000000d5c00000, 0x0000000100000000)
  eden space 4608K, 85% used [0x00000000d5580000,0x00000000d5956810,0x00000000d5a00000)
  from space 512K, 100% used [0x00000000d5a00000,0x00000000d5a80000,0x00000000d5a80000)
  to   space 1024K, 0% used [0x00000000d5b00000,0x00000000d5b00000,0x00000000d5c00000)
 ParOldGen       total 345088K, used 344707K [0x0000000080000000, 0x0000000095100000, 0x00000000d5580000)
  object space 345088K, 99% used [0x0000000080000000,0x00000000950a0e50,0x0000000095100000)
 Metaspace       used 68898K, committed 70464K, reserved 1114112K
  class space    used 7189K, committed 7808K, reserved 1048576K
}
Event: 37.659 GC heap after
{Heap after GC invocations=491 (full 3):
 PSYoungGen      total 5632K, used 762K [0x00000000d5580000, 0x00000000d5c00000, 0x0000000100000000)
  eden space 4608K, 0% used [0x00000000d5580000,0x00000000d5580000,0x00000000d5a00000)
  from space 1024K, 74% used [0x00000000d5b00000,0x00000000d5bbe900,0x00000000d5c00000)
  to   space 1024K, 0% used [0x00000000d5a00000,0x00000000d5a00000,0x00000000d5b00000)
 ParOldGen       total 345088K, used 345067K [0x0000000080000000, 0x0000000095100000, 0x00000000d5580000)
  object space 345088K, 99% used [0x0000000080000000,0x00000000950fae50,0x0000000095100000)
 Metaspace       used 68898K, committed 70464K, reserved 1114112K
  class space    used 7189K, committed 7808K, reserved 1048576K
}
Event: 37.670 GC heap before
{Heap before GC invocations=492 (full 3):
 PSYoungGen      total 5632K, used 5151K [0x00000000d5580000, 0x00000000d5c00000, 0x0000000100000000)
  eden space 4608K, 95% used [0x00000000d5580000,0x00000000d59c9470,0x00000000d5a00000)
  from space 1024K, 74% used [0x00000000d5b00000,0x00000000d5bbe900,0x00000000d5c00000)
  to   space 1024K, 0% used [0x00000000d5a00000,0x00000000d5a00000,0x00000000d5b00000)
 ParOldGen       total 345088K, used 345067K [0x0000000080000000, 0x0000000095100000, 0x00000000d5580000)
  object space 345088K, 99% used [0x0000000080000000,0x00000000950fae50,0x0000000095100000)
 Metaspace       used 68899K, committed 70464K, reserved 1114112K
  class space    used 7189K, committed 7808K, reserved 1048576K
}
Event: 37.673 GC heap after
{Heap after GC invocations=492 (full 3):
 PSYoungGen      total 5632K, used 622K [0x00000000d5580000, 0x00000000d5c00000, 0x0000000100000000)
  eden space 4608K, 0% used [0x00000000d5580000,0x00000000d5580000,0x00000000d5a00000)
  from space 1024K, 60% used [0x00000000d5a00000,0x00000000d5a9ba00,0x00000000d5b00000)
  to   space 1024K, 0% used [0x00000000d5b00000,0x00000000d5b00000,0x00000000d5c00000)
 ParOldGen       total 347136K, used 347084K [0x0000000080000000, 0x0000000095300000, 0x00000000d5580000)
  object space 347136K, 99% used [0x0000000080000000,0x00000000952f3258,0x0000000095300000)
 Metaspace       used 68899K, committed 70464K, reserved 1114112K
  class space    used 7189K, committed 7808K, reserved 1048576K
}
Event: 37.687 GC heap before
{Heap before GC invocations=493 (full 3):
 PSYoungGen      total 5632K, used 5175K [0x00000000d5580000, 0x00000000d5c00000, 0x0000000100000000)
  eden space 4608K, 98% used [0x00000000d5580000,0x00000000d59f2460,0x00000000d5a00000)
  from space 1024K, 60% used [0x00000000d5a00000,0x00000000d5a9ba00,0x00000000d5b00000)
  to   space 1024K, 0% used [0x00000000d5b00000,0x00000000d5b00000,0x00000000d5c00000)
 ParOldGen       total 347136K, used 347084K [0x0000000080000000, 0x0000000095300000, 0x00000000d5580000)
  object space 347136K, 99% used [0x0000000080000000,0x00000000952f3258,0x0000000095300000)
 Metaspace       used 68899K, committed 70464K, reserved 1114112K
  class space    used 7189K, committed 7808K, reserved 1048576K
}
Event: 37.690 GC heap after
{Heap after GC invocations=493 (full 3):
 PSYoungGen      total 5632K, used 630K [0x00000000d5580000, 0x00000000d5c00000, 0x0000000100000000)
  eden space 4608K, 0% used [0x00000000d5580000,0x00000000d5580000,0x00000000d5a00000)
  from space 1024K, 61% used [0x00000000d5b00000,0x00000000d5b9d938,0x00000000d5c00000)
  to   space 1024K, 0% used [0x00000000d5a00000,0x00000000d5a00000,0x00000000d5b00000)
 ParOldGen       total 348672K, used 348597K [0x0000000080000000, 0x0000000095480000, 0x00000000d5580000)
  object space 348672K, 99% used [0x0000000080000000,0x000000009546d6f0,0x0000000095480000)
 Metaspace       used 68899K, committed 70464K, reserved 1114112K
  class space    used 7189K, committed 7808K, reserved 1048576K
}
Event: 37.701 GC heap before
{Heap before GC invocations=494 (full 3):
 PSYoungGen      total 5632K, used 5238K [0x00000000d5580000, 0x00000000d5c00000, 0x0000000100000000)
  eden space 4608K, 100% used [0x00000000d5580000,0x00000000d5a00000,0x00000000d5a00000)
  from space 1024K, 61% used [0x00000000d5b00000,0x00000000d5b9d938,0x00000000d5c00000)
  to   space 1024K, 0% used [0x00000000d5a00000,0x00000000d5a00000,0x00000000d5b00000)
 ParOldGen       total 348672K, used 348597K [0x0000000080000000, 0x0000000095480000, 0x00000000d5580000)
  object space 348672K, 99% used [0x0000000080000000,0x000000009546d6f0,0x0000000095480000)
 Metaspace       used 68899K, committed 70464K, reserved 1114112K
  class space    used 7189K, committed 7808K, reserved 1048576K
}
Event: 37.705 GC heap after
{Heap after GC invocations=494 (full 3):
 PSYoungGen      total 5632K, used 489K [0x00000000d5580000, 0x00000000d5c00000, 0x0000000100000000)
  eden space 4608K, 0% used [0x00000000d5580000,0x00000000d5580000,0x00000000d5a00000)
  from space 1024K, 47% used [0x00000000d5a00000,0x00000000d5a7a778,0x00000000d5b00000)
  to   space 1024K, 0% used [0x00000000d5b00000,0x00000000d5b00000,0x00000000d5c00000)
 ParOldGen       total 350208K, used 350094K [0x0000000080000000, 0x0000000095600000, 0x00000000d5580000)
  object space 350208K, 99% used [0x0000000080000000,0x00000000955e3b88,0x0000000095600000)
 Metaspace       used 68899K, committed 70464K, reserved 1114112K
  class space    used 7189K, committed 7808K, reserved 1048576K
}
Event: 37.721 GC heap before
{Heap before GC invocations=495 (full 3):
 PSYoungGen      total 5632K, used 5097K [0x00000000d5580000, 0x00000000d5c00000, 0x0000000100000000)
  eden space 4608K, 99% used [0x00000000d5580000,0x00000000d59fffd0,0x00000000d5a00000)
  from space 1024K, 47% used [0x00000000d5a00000,0x00000000d5a7a778,0x00000000d5b00000)
  to   space 1024K, 0% used [0x00000000d5b00000,0x00000000d5b00000,0x00000000d5c00000)
 ParOldGen       total 350208K, used 350094K [0x0000000080000000, 0x0000000095600000, 0x00000000d5580000)
  object space 350208K, 99% used [0x0000000080000000,0x00000000955e3b88,0x0000000095600000)
 Metaspace       used 68899K, committed 70464K, reserved 1114112K
  class space    used 7189K, committed 7808K, reserved 1048576K
}
Event: 37.723 GC heap after
{Heap after GC invocations=495 (full 3):
 PSYoungGen      total 5632K, used 576K [0x00000000d5580000, 0x00000000d5c00000, 0x0000000100000000)
  eden space 4608K, 0% used [0x00000000d5580000,0x00000000d5580000,0x00000000d5a00000)
  from space 1024K, 56% used [0x00000000d5b00000,0x00000000d5b90000,0x00000000d5c00000)
  to   space 1024K, 0% used [0x00000000d5a00000,0x00000000d5a00000,0x00000000d5b00000)
 ParOldGen       total 350208K, used 350110K [0x0000000080000000, 0x0000000095600000, 0x00000000d5580000)
  object space 350208K, 99% used [0x0000000080000000,0x00000000955e7b88,0x0000000095600000)
 Metaspace       used 68899K, committed 70464K, reserved 1114112K
  class space    used 7189K, committed 7808K, reserved 1048576K
}
Event: 37.747 GC heap before
{Heap before GC invocations=496 (full 3):
 PSYoungGen      total 5632K, used 5184K [0x00000000d5580000, 0x00000000d5c00000, 0x0000000100000000)
  eden space 4608K, 100% used [0x00000000d5580000,0x00000000d5a00000,0x00000000d5a00000)
  from space 1024K, 56% used [0x00000000d5b00000,0x00000000d5b90000,0x00000000d5c00000)
  to   space 1024K, 0% used [0x00000000d5a00000,0x00000000d5a00000,0x00000000d5b00000)
 ParOldGen       total 350208K, used 350110K [0x0000000080000000, 0x0000000095600000, 0x00000000d5580000)
  object space 350208K, 99% used [0x0000000080000000,0x00000000955e7b88,0x0000000095600000)
 Metaspace       used 68899K, committed 70464K, reserved 1114112K
  class space    used 7189K, committed 7808K, reserved 1048576K
}

