# JRE version: OpenJDK Runtime Environment Temurin-21.0.10+7 (21.0.10+7) (build 21.0.10+7-LTS)
# Java VM: OpenJDK 64-Bit Server VM Temurin-21.0.10+7 (21.0.10+7-LTS, mixed mode, sharing, tiered, compressed oops, compressed class ptrs, parallel gc, windows-amd64)
GC Precious Log:
 CardTable entry size: 512
 CPUs: 18 total, 18 available
 Memory: 15805M
 Large Page Support: Disabled
 NUMA Support: Disabled
 Compressed Oops: Enabled (32-bit)
 Alignments: Space 512K, Generation 512K, Heap 2M
 Heap Min Capacity: 100M
 Heap Initial Capacity: 100M
 Heap Max Capacity: 2G
 Pre-touch: Disabled
 Parallel Workers: 14
Heap:
 PSYoungGen      total 7168K, used 7150K [0x00000000d5580000, 0x00000000d5f80000, 0x0000000100000000)
  eden space 3584K, 100% used [0x00000000d5580000,0x00000000d5900000,0x00000000d5900000)
  from space 3584K, 99% used [0x00000000d5c00000,0x00000000d5f7b938,0x00000000d5f80000)
  to   space 3072K, 99% used [0x00000000d5900000,0x00000000d5bfd600,0x00000000d5c00000)
 ParOldGen       total 696320K, used 695993K [0x0000000080000000, 0x00000000aa800000, 0x00000000d5580000)
  object space 696320K, 99% used [0x0000000080000000,0x00000000aa7ae428,0x00000000aa800000)
 Metaspace       used 82684K, committed 84544K, reserved 1179648K
  class space    used 8366K, committed 9152K, reserved 1048576K
GC Heap History (20 events):
Event: 2051.604 GC heap before
{Heap before GC invocations=663 (full 5):
 PSYoungGen      total 1536K, used 1536K [0x00000000d5580000, 0x00000000d5d80000, 0x0000000100000000)
  eden space 1024K, 100% used [0x00000000d5580000,0x00000000d5680000,0x00000000d5680000)
  from space 512K, 100% used [0x00000000d5900000,0x00000000d5980000,0x00000000d5980000)
  to   space 2560K, 0% used [0x00000000d5680000,0x00000000d5680000,0x00000000d5900000)
 ParOldGen       total 679936K, used 679426K [0x0000000080000000, 0x00000000a9800000, 0x00000000d5580000)
  object space 679936K, 99% used [0x0000000080000000,0x00000000a97809b0,0x00000000a9800000)
 Metaspace       used 82666K, committed 84544K, reserved 1179648K
  class space    used 8362K, committed 9152K, reserved 1048576K
}
Event: 2051.607 GC heap after
{Heap after GC invocations=663 (full 5):
 PSYoungGen      total 2560K, used 1088K [0x00000000d5580000, 0x00000000d5a00000, 0x0000000100000000)
  eden space 1024K, 0% used [0x00000000d5580000,0x00000000d5580000,0x00000000d5680000)
  from space 1536K, 70% used [0x00000000d5680000,0x00000000d5790000,0x00000000d5800000)
  to   space 1536K, 0% used [0x00000000d5880000,0x00000000d5880000,0x00000000d5a00000)
 ParOldGen       total 680448K, used 679978K [0x0000000080000000, 0x00000000a9880000, 0x00000000d5580000)
  object space 680448K, 99% used [0x0000000080000000,0x00000000a980a9b0,0x00000000a9880000)
 Metaspace       used 82666K, committed 84544K, reserved 1179648K
  class space    used 8362K, committed 9152K, reserved 1048576K
}
Event: 2051.610 GC heap before
{Heap before GC invocations=664 (full 5):
 PSYoungGen      total 2560K, used 2112K [0x00000000d5580000, 0x00000000d5a00000, 0x0000000100000000)
  eden space 1024K, 100% used [0x00000000d5580000,0x00000000d5680000,0x00000000d5680000)
  from space 1536K, 70% used [0x00000000d5680000,0x00000000d5790000,0x00000000d5800000)
  to   space 1536K, 0% used [0x00000000d5880000,0x00000000d5880000,0x00000000d5a00000)
 ParOldGen       total 680448K, used 679978K [0x0000000080000000, 0x00000000a9880000, 0x00000000d5580000)
  object space 680448K, 99% used [0x0000000080000000,0x00000000a980a9b0,0x00000000a9880000)
 Metaspace       used 82666K, committed 84544K, reserved 1179648K
  class space    used 8362K, committed 9152K, reserved 1048576K
}
Event: 2051.614 GC heap after
{Heap after GC invocations=664 (full 5):
 PSYoungGen      total 2560K, used 736K [0x00000000d5580000, 0x00000000d5980000, 0x0000000100000000)
  eden space 1536K, 0% used [0x00000000d5580000,0x00000000d5580000,0x00000000d5700000)
  from space 1024K, 71% used [0x00000000d5880000,0x00000000d5938000,0x00000000d5980000)
  to   space 1024K, 0% used [0x00000000d5780000,0x00000000d5780000,0x00000000d5880000)
 ParOldGen       total 680960K, used 680858K [0x0000000080000000, 0x00000000a9900000, 0x00000000d5580000)
  object space 680960K, 99% used [0x0000000080000000,0x00000000a98e69b0,0x00000000a9900000)
 Metaspace       used 82666K, committed 84544K, reserved 1179648K
  class space    used 8362K, committed 9152K, reserved 1048576K
}
Event: 2051.619 GC heap before
{Heap before GC invocations=665 (full 5):
 PSYoungGen      total 2560K, used 2272K [0x00000000d5580000, 0x00000000d5980000, 0x0000000100000000)
  eden space 1536K, 100% used [0x00000000d5580000,0x00000000d5700000,0x00000000d5700000)
  from space 1024K, 71% used [0x00000000d5880000,0x00000000d5938000,0x00000000d5980000)
  to   space 1024K, 0% used [0x00000000d5780000,0x00000000d5780000,0x00000000d5880000)
 ParOldGen       total 680960K, used 680858K [0x0000000080000000, 0x00000000a9900000, 0x00000000d5580000)
  object space 680960K, 99% used [0x0000000080000000,0x00000000a98e69b0,0x00000000a9900000)
 Metaspace       used 82677K, committed 84544K, reserved 1179648K
  class space    used 8365K, committed 9152K, reserved 1048576K
}
Event: 2051.622 GC heap after
{Heap after GC invocations=665 (full 5):
 PSYoungGen      total 3072K, used 1024K [0x00000000d5580000, 0x00000000d5b80000, 0x0000000100000000)
  eden space 2048K, 0% used [0x00000000d5580000,0x00000000d5580000,0x00000000d5780000)
  from space 1024K, 100% used [0x00000000d5780000,0x00000000d5880000,0x00000000d5880000)
  to   space 2048K, 0% used [0x00000000d5980000,0x00000000d5980000,0x00000000d5b80000)
 ParOldGen       total 681984K, used 681554K [0x0000000080000000, 0x00000000a9a00000, 0x00000000d5580000)
  object space 681984K, 99% used [0x0000000080000000,0x00000000a99949b0,0x00000000a9a00000)
 Metaspace       used 82677K, committed 84544K, reserved 1179648K
  class space    used 8365K, committed 9152K, reserved 1048576K
}
Event: 2051.628 GC heap before
{Heap before GC invocations=666 (full 5):
 PSYoungGen      total 3072K, used 3072K [0x00000000d5580000, 0x00000000d5b80000, 0x0000000100000000)
  eden space 2048K, 100% used [0x00000000d5580000,0x00000000d5780000,0x00000000d5780000)
  from space 1024K, 100% used [0x00000000d5780000,0x00000000d5880000,0x00000000d5880000)
  to   space 2048K, 0% used [0x00000000d5980000,0x00000000d5980000,0x00000000d5b80000)
 ParOldGen       total 681984K, used 681554K [0x0000000080000000, 0x00000000a9a00000, 0x00000000d5580000)
  object space 681984K, 99% used [0x0000000080000000,0x00000000a99949b0,0x00000000a9a00000)
 Metaspace       used 82683K, committed 84544K, reserved 1179648K
  class space    used 8366K, committed 9152K, reserved 1048576K
}
Event: 2051.633 GC heap after
{Heap after GC invocations=666 (full 5):
 PSYoungGen      total 4096K, used 1600K [0x00000000d5580000, 0x00000000d5c00000, 0x0000000100000000)
  eden space 2048K, 0% used [0x00000000d5580000,0x00000000d5580000,0x00000000d5780000)
  from space 2048K, 78% used [0x00000000d5980000,0x00000000d5b10000,0x00000000d5b80000)
  to   space 2048K, 0% used [0x00000000d5780000,0x00000000d5780000,0x00000000d5980000)
 ParOldGen       total 683008K, used 682554K [0x0000000080000000, 0x00000000a9b00000, 0x00000000d5580000)
  object space 683008K, 99% used [0x0000000080000000,0x00000000a9a8e9b0,0x00000000a9b00000)
 Metaspace       used 82683K, committed 84544K, reserved 1179648K
  class space    used 8366K, committed 9152K, reserved 1048576K
}
Event: 2051.640 GC heap before
{Heap before GC invocations=667 (full 5):
 PSYoungGen      total 4096K, used 3648K [0x00000000d5580000, 0x00000000d5c00000, 0x0000000100000000)
  eden space 2048K, 100% used [0x00000000d5580000,0x00000000d5780000,0x00000000d5780000)
  from space 2048K, 78% used [0x00000000d5980000,0x00000000d5b10000,0x00000000d5b80000)
  to   space 2048K, 0% used [0x00000000d5780000,0x00000000d5780000,0x00000000d5980000)
 ParOldGen       total 683008K, used 682554K [0x0000000080000000, 0x00000000a9b00000, 0x00000000d5580000)
  object space 683008K, 99% used [0x0000000080000000,0x00000000a9a8e9b0,0x00000000a9b00000)
 Metaspace       used 82683K, committed 84544K, reserved 1179648K
  class space    used 8366K, committed 9152K, reserved 1048576K
}
Event: 2051.643 GC heap after
{Heap after GC invocations=667 (full 5):
 PSYoungGen      total 4096K, used 1536K [0x00000000d5580000, 0x00000000d5c00000, 0x0000000100000000)
  eden space 2048K, 0% used [0x00000000d5580000,0x00000000d5580000,0x00000000d5780000)
  from space 2048K, 75% used [0x00000000d5780000,0x00000000d5900000,0x00000000d5980000)
  to   space 2048K, 0% used [0x00000000d5a00000,0x00000000d5a00000,0x00000000d5c00000)
 ParOldGen       total 684032K, used 683850K [0x0000000080000000, 0x00000000a9c00000, 0x00000000d5580000)
  object space 684032K, 99% used [0x0000000080000000,0x00000000a9bd29b0,0x00000000a9c00000)
 Metaspace       used 82683K, committed 84544K, reserved 1179648K
  class space    used 8366K, committed 9152K, reserved 1048576K
}
Event: 2051.650 GC heap before
{Heap before GC invocations=668 (full 5):
 PSYoungGen      total 4096K, used 3584K [0x00000000d5580000, 0x00000000d5c00000, 0x0000000100000000)
  eden space 2048K, 100% used [0x00000000d5580000,0x00000000d5780000,0x00000000d5780000)
  from space 2048K, 75% used [0x00000000d5780000,0x00000000d5900000,0x00000000d5980000)
  to   space 2048K, 0% used [0x00000000d5a00000,0x00000000d5a00000,0x00000000d5c00000)
 ParOldGen       total 684032K, used 683850K [0x0000000080000000, 0x00000000a9c00000, 0x00000000d5580000)
  object space 684032K, 99% used [0x0000000080000000,0x00000000a9bd29b0,0x00000000a9c00000)
 Metaspace       used 82683K, committed 84544K, reserved 1179648K
  class space    used 8366K, committed 9152K, reserved 1048576K
}
Event: 2051.655 GC heap after
{Heap after GC invocations=668 (full 5):
 PSYoungGen      total 4096K, used 1280K [0x00000000d5580000, 0x00000000d5b80000, 0x0000000100000000)
  eden space 2560K, 0% used [0x00000000d5580000,0x00000000d5580000,0x00000000d5800000)
  from space 1536K, 83% used [0x00000000d5a00000,0x00000000d5b40000,0x00000000d5b80000)
  to   space 1536K, 0% used [0x00000000d5880000,0x00000000d5880000,0x00000000d5a00000)
 ParOldGen       total 685568K, used 685161K [0x0000000080000000, 0x00000000a9d80000, 0x00000000d5580000)
  object space 685568K, 99% used [0x0000000080000000,0x00000000a9d1a4f8,0x00000000a9d80000)
 Metaspace       used 82683K, committed 84544K, reserved 1179648K
  class space    used 8366K, committed 9152K, reserved 1048576K
}
Event: 2051.663 GC heap before
{Heap before GC invocations=669 (full 5):
 PSYoungGen      total 4096K, used 3840K [0x00000000d5580000, 0x00000000d5b80000, 0x0000000100000000)
  eden space 2560K, 100% used [0x00000000d5580000,0x00000000d5800000,0x00000000d5800000)
  from space 1536K, 83% used [0x00000000d5a00000,0x00000000d5b40000,0x00000000d5b80000)
  to   space 1536K, 0% used [0x00000000d5880000,0x00000000d5880000,0x00000000d5a00000)
 ParOldGen       total 685568K, used 685161K [0x0000000080000000, 0x00000000a9d80000, 0x00000000d5580000)
  object space 685568K, 99% used [0x0000000080000000,0x00000000a9d1a4f8,0x00000000a9d80000)
 Metaspace       used 82684K, committed 84544K, reserved 1179648K
  class space    used 8366K, committed 9152K, reserved 1048576K
}
Event: 2051.669 GC heap after
{Heap after GC invocations=669 (full 5):
 PSYoungGen      total 4608K, used 1520K [0x00000000d5580000, 0x00000000d5f80000, 0x0000000100000000)
  eden space 3072K, 0% used [0x00000000d5580000,0x00000000d5580000,0x00000000d5880000)
  from space 1536K, 98% used [0x00000000d5880000,0x00000000d59fc030,0x00000000d5a00000)
  to   space 3584K, 0% used [0x00000000d5c00000,0x00000000d5c00000,0x00000000d5f80000)
 ParOldGen       total 686592K, used 686585K [0x0000000080000000, 0x00000000a9e80000, 0x00000000d5580000)
  object space 686592K, 99% used [0x0000000080000000,0x00000000a9e7e518,0x00000000a9e80000)
 Metaspace       used 82684K, committed 84544K, reserved 1179648K
  class space    used 8366K, committed 9152K, reserved 1048576K
}
Event: 2051.678 GC heap before
{Heap before GC invocations=670 (full 5):
 PSYoungGen      total 4608K, used 4552K [0x00000000d5580000, 0x00000000d5f80000, 0x0000000100000000)
  eden space 3072K, 98% used [0x00000000d5580000,0x00000000d58760f0,0x00000000d5880000)
  from space 1536K, 98% used [0x00000000d5880000,0x00000000d59fc030,0x00000000d5a00000)
  to   space 3584K, 0% used [0x00000000d5c00000,0x00000000d5c00000,0x00000000d5f80000)
 ParOldGen       total 686592K, used 686585K [0x0000000080000000, 0x00000000a9e80000, 0x00000000d5580000)
  object space 686592K, 99% used [0x0000000080000000,0x00000000a9e7e518,0x00000000a9e80000)
 Metaspace       used 82684K, committed 84544K, reserved 1179648K
  class space    used 8366K, committed 9152K, reserved 1048576K
}
Event: 2051.684 GC heap after
{Heap after GC invocations=670 (full 5):
 PSYoungGen      total 7168K, used 2922K [0x00000000d5580000, 0x00000000d5f80000, 0x0000000100000000)
  eden space 3584K, 0% used [0x00000000d5580000,0x00000000d5580000,0x00000000d5900000)
  from space 3584K, 81% used [0x00000000d5c00000,0x00000000d5edaa18,0x00000000d5f80000)
  to   space 3072K, 0% used [0x00000000d5900000,0x00000000d5900000,0x00000000d5c00000)
 ParOldGen       total 688128K, used 688089K [0x0000000080000000, 0x00000000aa000000, 0x00000000d5580000)
  object space 688128K, 99% used [0x0000000080000000,0x00000000a9ff6558,0x00000000aa000000)
 Metaspace       used 82684K, committed 84544K, reserved 1179648K
  class space    used 8366K, committed 9152K, reserved 1048576K
}
Event: 2051.690 GC heap before
{Heap before GC invocations=671 (full 5):
 PSYoungGen      total 7168K, used 6143K [0x00000000d5580000, 0x00000000d5f80000, 0x0000000100000000)
  eden space 3584K, 89% used [0x00000000d5580000,0x00000000d58a5518,0x00000000d5900000)
  from space 3584K, 81% used [0x00000000d5c00000,0x00000000d5edaa18,0x00000000d5f80000)
  to   space 3072K, 0% used [0x00000000d5900000,0x00000000d5900000,0x00000000d5c00000)
 ParOldGen       total 688128K, used 688089K [0x0000000080000000, 0x00000000aa000000, 0x00000000d5580000)
  object space 688128K, 99% used [0x0000000080000000,0x00000000a9ff6558,0x00000000aa000000)
 Metaspace       used 82684K, committed 84544K, reserved 1179648K
  class space    used 8366K, committed 9152K, reserved 1048576K
}
Event: 2051.697 GC heap after
{Heap after GC invocations=671 (full 5):
 PSYoungGen      total 6656K, used 3051K [0x00000000d5580000, 0x00000000d5f80000, 0x0000000100000000)
  eden space 3584K, 0% used [0x00000000d5580000,0x00000000d5580000,0x00000000d5900000)
  from space 3072K, 99% used [0x00000000d5900000,0x00000000d5bfaff0,0x00000000d5c00000)
  to   space 3584K, 0% used [0x00000000d5c00000,0x00000000d5c00000,0x00000000d5f80000)
 ParOldGen       total 691200K, used 691026K [0x0000000080000000, 0x00000000aa300000, 0x00000000d5580000)
  object space 691200K, 99% used [0x0000000080000000,0x00000000aa2d4860,0x00000000aa300000)
 Metaspace       used 82684K, committed 84544K, reserved 1179648K
  class space    used 8366K, committed 9152K, reserved 1048576K
}
Event: 2051.705 GC heap before
{Heap before GC invocations=672 (full 5):
 PSYoungGen      total 6656K, used 6587K [0x00000000d5580000, 0x00000000d5f80000, 0x0000000100000000)
  eden space 3584K, 98% used [0x00000000d5580000,0x00000000d58f3e68,0x00000000d5900000)
  from space 3072K, 99% used [0x00000000d5900000,0x00000000d5bfaff0,0x00000000d5c00000)
  to   space 3584K, 0% used [0x00000000d5c00000,0x00000000d5c00000,0x00000000d5f80000)
 ParOldGen       total 691200K, used 691026K [0x0000000080000000, 0x00000000aa300000, 0x00000000d5580000)
  object space 691200K, 99% used [0x0000000080000000,0x00000000aa2d4860,0x00000000aa300000)
 Metaspace       used 82684K, committed 84544K, reserved 1179648K
  class space    used 8366K, committed 9152K, reserved 1048576K
}
Event: 2051.712 GC heap after
{Heap after GC invocations=672 (full 5):
 PSYoungGen      total 7168K, used 3566K [0x00000000d5580000, 0x00000000d5f80000, 0x0000000100000000)
  eden space 3584K, 0% used [0x00000000d5580000,0x00000000d5580000,0x00000000d5900000)
  from space 3584K, 99% used [0x00000000d5c00000,0x00000000d5f7b938,0x00000000d5f80000)
  to   space 3072K, 0% used [0x00000000d5900000,0x00000000d5900000,0x00000000d5c00000)
 ParOldGen       total 694272K, used 694109K [0x0000000080000000, 0x00000000aa600000, 0x00000000d5580000)
  object space 694272K, 99% used [0x0000000080000000,0x00000000aa5d77d8,0x00000000aa600000)
 Metaspace       used 82684K, committed 84544K, reserved 1179648K
  class space    used 8366K, committed 9152K, reserved 1048576K
}

