# JRE version: OpenJDK Runtime Environment Temurin-21.0.10+7 (21.0.10+7) (build 21.0.10+7-LTS)
# Java VM: OpenJDK 64-Bit Server VM Temurin-21.0.10+7 (21.0.10+7-LTS, mixed mode, sharing, tiered, compressed oops, compressed class ptrs, parallel gc, windows-amd64)
GC Precious Log:
 CardTable entry size: 512
 CPUs: 18 total, 18 available
 Memory: 15805M
 Large Page Support: Disabled
 NUMA Support: Disabled
 Compressed Oops: Enabled (32-bit)
 Alignments: Space 512K, Generation 512K, Heap 2M
 Heap Min Capacity: 100M
 Heap Initial Capacity: 100M
 Heap Max Capacity: 2G
 Pre-touch: Disabled
 Parallel Workers: 14
Heap:
 PSYoungGen      total 8192K, used 8153K [0x00000000d5580000, 0x00000000d6400000, 0x0000000100000000)
  eden space 7680K, 99% used [0x00000000d5580000,0x00000000d5cf6a50,0x00000000d5d00000)
  from space 512K, 99% used [0x00000000d6380000,0x00000000d63ffc48,0x00000000d6400000)
  to   space 1024K, 0% used [0x00000000d6200000,0x00000000d6200000,0x00000000d6300000)
 ParOldGen       total 216576K, used 216444K [0x0000000080000000, 0x000000008d380000, 0x00000000d5580000)
  object space 216576K, 99% used [0x0000000080000000,0x000000008d35f060,0x000000008d380000)
 Metaspace       used 76920K, committed 78656K, reserved 1179648K
  class space    used 7959K, committed 8704K, reserved 1048576K
GC Heap History (20 events):
Event: 125.756 GC heap before
{Heap before GC invocations=126 (full 3):
 PSYoungGen      total 9216K, used 7889K [0x00000000d5580000, 0x00000000d6080000, 0x0000000100000000)
  eden space 8192K, 88% used [0x00000000d5580000,0x00000000d5c94790,0x00000000d5d80000)
  from space 1024K, 62% used [0x00000000d5f80000,0x00000000d6020000,0x00000000d6080000)
  to   space 1024K, 0% used [0x00000000d5e80000,0x00000000d5e80000,0x00000000d5f80000)
 ParOldGen       total 203776K, used 203658K [0x0000000080000000, 0x000000008c700000, 0x00000000d5580000)
  object space 203776K, 99% used [0x0000000080000000,0x000000008c6e28c8,0x000000008c700000)
 Metaspace       used 71892K, committed 73536K, reserved 1179648K
  class space    used 7336K, committed 8064K, reserved 1048576K
}
Event: 125.758 GC heap after
{Heap after GC invocations=126 (full 3):
 PSYoungGen      total 9216K, used 1023K [0x00000000d5580000, 0x00000000d6380000, 0x0000000100000000)
  eden space 8192K, 0% used [0x00000000d5580000,0x00000000d5580000,0x00000000d5d80000)
  from space 1024K, 99% used [0x00000000d5e80000,0x00000000d5f7fe88,0x00000000d5f80000)
  to   space 3072K, 0% used [0x00000000d6080000,0x00000000d6080000,0x00000000d6380000)
 ParOldGen       total 205312K, used 205029K [0x0000000080000000, 0x000000008c880000, 0x00000000d5580000)
  object space 205312K, 99% used [0x0000000080000000,0x000000008c839670,0x000000008c880000)
 Metaspace       used 71892K, committed 73536K, reserved 1179648K
  class space    used 7336K, committed 8064K, reserved 1048576K
}
Event: 125.919 GC heap before
{Heap before GC invocations=127 (full 3):
 PSYoungGen      total 9216K, used 9215K [0x00000000d5580000, 0x00000000d6380000, 0x0000000100000000)
  eden space 8192K, 100% used [0x00000000d5580000,0x00000000d5d80000,0x00000000d5d80000)
  from space 1024K, 99% used [0x00000000d5e80000,0x00000000d5f7fe88,0x00000000d5f80000)
  to   space 3072K, 0% used [0x00000000d6080000,0x00000000d6080000,0x00000000d6380000)
 ParOldGen       total 205312K, used 205029K [0x0000000080000000, 0x000000008c880000, 0x00000000d5580000)
  object space 205312K, 99% used [0x0000000080000000,0x000000008c839670,0x000000008c880000)
 Metaspace       used 72120K, committed 73664K, reserved 1179648K
  class space    used 7379K, committed 8064K, reserved 1048576K
}
Event: 125.921 GC heap after
{Heap after GC invocations=127 (full 3):
 PSYoungGen      total 9216K, used 732K [0x00000000d5580000, 0x00000000d6180000, 0x0000000100000000)
  eden space 8192K, 0% used [0x00000000d5580000,0x00000000d5580000,0x00000000d5d80000)
  from space 1024K, 71% used [0x00000000d6080000,0x00000000d61371d0,0x00000000d6180000)
  to   space 1536K, 0% used [0x00000000d5e80000,0x00000000d5e80000,0x00000000d6000000)
 ParOldGen       total 206336K, used 206046K [0x0000000080000000, 0x000000008c980000, 0x00000000d5580000)
  object space 206336K, 99% used [0x0000000080000000,0x000000008c9378e0,0x000000008c980000)
 Metaspace       used 72120K, committed 73664K, reserved 1179648K
  class space    used 7379K, committed 8064K, reserved 1048576K
}
Event: 126.007 GC heap before
{Heap before GC invocations=128 (full 3):
 PSYoungGen      total 9216K, used 8879K [0x00000000d5580000, 0x00000000d6180000, 0x0000000100000000)
  eden space 8192K, 99% used [0x00000000d5580000,0x00000000d5d74b28,0x00000000d5d80000)
  from space 1024K, 71% used [0x00000000d6080000,0x00000000d61371d0,0x00000000d6180000)
  to   space 1536K, 0% used [0x00000000d5e80000,0x00000000d5e80000,0x00000000d6000000)
 ParOldGen       total 206336K, used 206046K [0x0000000080000000, 0x000000008c980000, 0x00000000d5580000)
  object space 206336K, 99% used [0x0000000080000000,0x000000008c9378e0,0x000000008c980000)
 Metaspace       used 72490K, committed 74112K, reserved 1179648K
  class space    used 7415K, committed 8128K, reserved 1048576K
}
Event: 126.008 GC heap after
{Heap after GC invocations=128 (full 3):
 PSYoungGen      total 9728K, used 722K [0x00000000d5580000, 0x00000000d6100000, 0x0000000100000000)
  eden space 8192K, 0% used [0x00000000d5580000,0x00000000d5580000,0x00000000d5d80000)
  from space 1536K, 47% used [0x00000000d5e80000,0x00000000d5f34810,0x00000000d6000000)
  to   space 1024K, 0% used [0x00000000d6000000,0x00000000d6000000,0x00000000d6100000)
 ParOldGen       total 206848K, used 206583K [0x0000000080000000, 0x000000008ca00000, 0x00000000d5580000)
  object space 206848K, 99% used [0x0000000080000000,0x000000008c9bdcb0,0x000000008ca00000)
 Metaspace       used 72490K, committed 74112K, reserved 1179648K
  class space    used 7415K, committed 8128K, reserved 1048576K
}
Event: 126.083 GC heap before
{Heap before GC invocations=129 (full 3):
 PSYoungGen      total 9728K, used 8663K [0x00000000d5580000, 0x00000000d6100000, 0x0000000100000000)
  eden space 8192K, 96% used [0x00000000d5580000,0x00000000d5d41558,0x00000000d5d80000)
  from space 1536K, 47% used [0x00000000d5e80000,0x00000000d5f34810,0x00000000d6000000)
  to   space 1024K, 0% used [0x00000000d6000000,0x00000000d6000000,0x00000000d6100000)
 ParOldGen       total 206848K, used 206583K [0x0000000080000000, 0x000000008ca00000, 0x00000000d5580000)
  object space 206848K, 99% used [0x0000000080000000,0x000000008c9bdcb0,0x000000008ca00000)
 Metaspace       used 73017K, committed 74624K, reserved 1179648K
  class space    used 7466K, committed 8192K, reserved 1048576K
}
Event: 126.085 GC heap after
{Heap after GC invocations=129 (full 3):
 PSYoungGen      total 8704K, used 1007K [0x00000000d5580000, 0x00000000d6380000, 0x0000000100000000)
  eden space 7680K, 0% used [0x00000000d5580000,0x00000000d5580000,0x00000000d5d00000)
  from space 1024K, 98% used [0x00000000d6000000,0x00000000d60fbc88,0x00000000d6100000)
  to   space 3072K, 0% used [0x00000000d5d00000,0x00000000d5d00000,0x00000000d6000000)
 ParOldGen       total 208384K, used 208146K [0x0000000080000000, 0x000000008cb80000, 0x00000000d5580000)
  object space 208384K, 99% used [0x0000000080000000,0x000000008cb44840,0x000000008cb80000)
 Metaspace       used 73017K, committed 74624K, reserved 1179648K
  class space    used 7466K, committed 8192K, reserved 1048576K
}
Event: 126.112 GC heap before
{Heap before GC invocations=130 (full 3):
 PSYoungGen      total 8704K, used 8678K [0x00000000d5580000, 0x00000000d6380000, 0x0000000100000000)
  eden space 7680K, 99% used [0x00000000d5580000,0x00000000d5cfdc60,0x00000000d5d00000)
  from space 1024K, 98% used [0x00000000d6000000,0x00000000d60fbc88,0x00000000d6100000)
  to   space 3072K, 0% used [0x00000000d5d00000,0x00000000d5d00000,0x00000000d6000000)
 ParOldGen       total 208384K, used 208146K [0x0000000080000000, 0x000000008cb80000, 0x00000000d5580000)
  object space 208384K, 99% used [0x0000000080000000,0x000000008cb44840,0x000000008cb80000)
 Metaspace       used 73129K, committed 74752K, reserved 1179648K
  class space    used 7487K, committed 8192K, reserved 1048576K
}
Event: 126.114 GC heap after
{Heap after GC invocations=130 (full 3):
 PSYoungGen      total 10752K, used 3068K [0x00000000d5580000, 0x00000000d6c00000, 0x0000000100000000)
  eden space 7680K, 0% used [0x00000000d5580000,0x00000000d5580000,0x00000000d5d00000)
  from space 3072K, 99% used [0x00000000d5d00000,0x00000000d5fff278,0x00000000d6000000)
  to   space 7680K, 0% used [0x00000000d6480000,0x00000000d6480000,0x00000000d6c00000)
 ParOldGen       total 211968K, used 211703K [0x0000000080000000, 0x000000008cf00000, 0x00000000d5580000)
  object space 211968K, 99% used [0x0000000080000000,0x000000008cebdc30,0x000000008cf00000)
 Metaspace       used 73129K, committed 74752K, reserved 1179648K
  class space    used 7487K, committed 8192K, reserved 1048576K
}
Event: 126.160 GC heap before
{Heap before GC invocations=131 (full 3):
 PSYoungGen      total 10752K, used 10748K [0x00000000d5580000, 0x00000000d6c00000, 0x0000000100000000)
  eden space 7680K, 100% used [0x00000000d5580000,0x00000000d5d00000,0x00000000d5d00000)
  from space 3072K, 99% used [0x00000000d5d00000,0x00000000d5fff278,0x00000000d6000000)
  to   space 7680K, 0% used [0x00000000d6480000,0x00000000d6480000,0x00000000d6c00000)
 ParOldGen       total 211968K, used 211703K [0x0000000080000000, 0x000000008cf00000, 0x00000000d5580000)
  object space 211968K, 99% used [0x0000000080000000,0x000000008cebdc30,0x000000008cf00000)
 Metaspace       used 73433K, committed 75072K, reserved 1179648K
  class space    used 7524K, committed 8256K, reserved 1048576K
}
Event: 126.162 GC heap after
{Heap after GC invocations=131 (full 3):
 PSYoungGen      total 8704K, used 763K [0x00000000d5580000, 0x00000000d6580000, 0x0000000100000000)
  eden space 7680K, 0% used [0x00000000d5580000,0x00000000d5580000,0x00000000d5d00000)
  from space 1024K, 74% used [0x00000000d6480000,0x00000000d653ed80,0x00000000d6580000)
  to   space 3072K, 0% used [0x00000000d5f80000,0x00000000d5f80000,0x00000000d6280000)
 ParOldGen       total 215552K, used 214813K [0x0000000080000000, 0x000000008d280000, 0x00000000d5580000)
  object space 215552K, 99% used [0x0000000080000000,0x000000008d1c7720,0x000000008d280000)
 Metaspace       used 73433K, committed 75072K, reserved 1179648K
  class space    used 7524K, committed 8256K, reserved 1048576K
}
Event: 126.265 GC heap before
{Heap before GC invocations=132 (full 3):
 PSYoungGen      total 8704K, used 8443K [0x00000000d5580000, 0x00000000d6580000, 0x0000000100000000)
  eden space 7680K, 100% used [0x00000000d5580000,0x00000000d5d00000,0x00000000d5d00000)
  from space 1024K, 74% used [0x00000000d6480000,0x00000000d653ed80,0x00000000d6580000)
  to   space 3072K, 0% used [0x00000000d5f80000,0x00000000d5f80000,0x00000000d6280000)
 ParOldGen       total 215552K, used 214813K [0x0000000080000000, 0x000000008d280000, 0x00000000d5580000)
  object space 215552K, 99% used [0x0000000080000000,0x000000008d1c7720,0x000000008d280000)
 Metaspace       used 73774K, committed 75328K, reserved 1179648K
  class space    used 7553K, committed 8256K, reserved 1048576K
}
Event: 126.267 GC heap after
{Heap after GC invocations=132 (full 3):
 PSYoungGen      total 10752K, used 1056K [0x00000000d5580000, 0x00000000d6500000, 0x0000000100000000)
  eden space 7680K, 0% used [0x00000000d5580000,0x00000000d5580000,0x00000000d5d00000)
  from space 3072K, 34% used [0x00000000d5f80000,0x00000000d6088000,0x00000000d6280000)
  to   space 1536K, 0% used [0x00000000d6380000,0x00000000d6380000,0x00000000d6500000)
 ParOldGen       total 215552K, used 215205K [0x0000000080000000, 0x000000008d280000, 0x00000000d5580000)
  object space 215552K, 99% used [0x0000000080000000,0x000000008d229720,0x000000008d280000)
 Metaspace       used 73774K, committed 75328K, reserved 1179648K
  class space    used 7553K, committed 8256K, reserved 1048576K
}
Event: 126.387 GC heap before
{Heap before GC invocations=133 (full 3):
 PSYoungGen      total 10752K, used 8736K [0x00000000d5580000, 0x00000000d6500000, 0x0000000100000000)
  eden space 7680K, 100% used [0x00000000d5580000,0x00000000d5d00000,0x00000000d5d00000)
  from space 3072K, 34% used [0x00000000d5f80000,0x00000000d6088000,0x00000000d6280000)
  to   space 1536K, 0% used [0x00000000d6380000,0x00000000d6380000,0x00000000d6500000)
 ParOldGen       total 215552K, used 215205K [0x0000000080000000, 0x000000008d280000, 0x00000000d5580000)
  object space 215552K, 99% used [0x0000000080000000,0x000000008d229720,0x000000008d280000)
 Metaspace       used 73951K, committed 75584K, reserved 1179648K
  class space    used 7580K, committed 8320K, reserved 1048576K
}
Event: 126.389 GC heap after
{Heap after GC invocations=133 (full 3):
 PSYoungGen      total 8704K, used 538K [0x00000000d5580000, 0x00000000d6480000, 0x0000000100000000)
  eden space 7680K, 0% used [0x00000000d5580000,0x00000000d5580000,0x00000000d5d00000)
  from space 1024K, 52% used [0x00000000d6380000,0x00000000d64068a0,0x00000000d6480000)
  to   space 1024K, 0% used [0x00000000d6280000,0x00000000d6280000,0x00000000d6380000)
 ParOldGen       total 216064K, used 216053K [0x0000000080000000, 0x000000008d300000, 0x00000000d5580000)
  object space 216064K, 99% used [0x0000000080000000,0x000000008d2fd720,0x000000008d300000)
 Metaspace       used 73951K, committed 75584K, reserved 1179648K
  class space    used 7580K, committed 8320K, reserved 1048576K
}
Event: 126.515 GC heap before
{Heap before GC invocations=134 (full 3):
 PSYoungGen      total 8704K, used 8218K [0x00000000d5580000, 0x00000000d6480000, 0x0000000100000000)
  eden space 7680K, 100% used [0x00000000d5580000,0x00000000d5d00000,0x00000000d5d00000)
  from space 1024K, 52% used [0x00000000d6380000,0x00000000d64068a0,0x00000000d6480000)
  to   space 1024K, 0% used [0x00000000d6280000,0x00000000d6280000,0x00000000d6380000)
 ParOldGen       total 216064K, used 216053K [0x0000000080000000, 0x000000008d300000, 0x00000000d5580000)
  object space 216064K, 99% used [0x0000000080000000,0x000000008d2fd720,0x000000008d300000)
 Metaspace       used 74265K, committed 75904K, reserved 1179648K
  class space    used 7605K, committed 8320K, reserved 1048576K
}
Event: 126.516 GC heap after
{Heap after GC invocations=134 (full 3):
 PSYoungGen      total 8704K, used 416K [0x00000000d5580000, 0x00000000d6400000, 0x0000000100000000)
  eden space 7680K, 0% used [0x00000000d5580000,0x00000000d5580000,0x00000000d5d00000)
  from space 1024K, 40% used [0x00000000d6280000,0x00000000d62e8000,0x00000000d6380000)
  to   space 512K, 0% used [0x00000000d6380000,0x00000000d6380000,0x00000000d6400000)
 ParOldGen       total 216576K, used 216242K [0x0000000080000000, 0x000000008d380000, 0x00000000d5580000)
  object space 216576K, 99% used [0x0000000080000000,0x000000008d32ca18,0x000000008d380000)
 Metaspace       used 74265K, committed 75904K, reserved 1179648K
  class space    used 7605K, committed 8320K, reserved 1048576K
}
Event: 126.705 GC heap before
{Heap before GC invocations=135 (full 3):
 PSYoungGen      total 8704K, used 8096K [0x00000000d5580000, 0x00000000d6400000, 0x0000000100000000)
  eden space 7680K, 100% used [0x00000000d5580000,0x00000000d5d00000,0x00000000d5d00000)
  from space 1024K, 40% used [0x00000000d6280000,0x00000000d62e8000,0x00000000d6380000)
  to   space 512K, 0% used [0x00000000d6380000,0x00000000d6380000,0x00000000d6400000)
 ParOldGen       total 216576K, used 216242K [0x0000000080000000, 0x000000008d380000, 0x00000000d5580000)
  object space 216576K, 99% used [0x0000000080000000,0x000000008d32ca30,0x000000008d380000)
 Metaspace       used 75478K, committed 77120K, reserved 1179648K
  class space    used 7775K, committed 8512K, reserved 1048576K
}
Event: 126.706 GC heap after
{Heap after GC invocations=135 (full 3):
 PSYoungGen      total 8192K, used 511K [0x00000000d5580000, 0x00000000d6400000, 0x0000000100000000)
  eden space 7680K, 0% used [0x00000000d5580000,0x00000000d5580000,0x00000000d5d00000)
  from space 512K, 99% used [0x00000000d6380000,0x00000000d63ffc48,0x00000000d6400000)
  to   space 1024K, 0% used [0x00000000d6200000,0x00000000d6200000,0x00000000d6300000)
 ParOldGen       total 216576K, used 216444K [0x0000000080000000, 0x000000008d380000, 0x00000000d5580000)
  object space 216576K, 99% used [0x0000000080000000,0x000000008d35f060,0x000000008d380000)
 Metaspace       used 75478K, committed 77120K, reserved 1179648K
  class space    used 7775K, committed 8512K, reserved 1048576K
}

