# JRE version: OpenJDK Runtime Environment Temurin-21.0.10+7 (21.0.10+7) (build 21.0.10+7-LTS)
# Java VM: OpenJDK 64-Bit Server VM Temurin-21.0.10+7 (21.0.10+7-LTS, mixed mode, sharing, tiered, compressed oops, compressed class ptrs, parallel gc, windows-amd64)
GC Precious Log:
 CardTable entry size: 512
 CPUs: 18 total, 18 available
 Memory: 15805M
 Large Page Support: Disabled
 NUMA Support: Disabled
 Compressed Oops: Enabled (32-bit)
 Alignments: Space 512K, Generation 512K, Heap 2M
 Heap Min Capacity: 100M
 Heap Initial Capacity: 100M
 Heap Max Capacity: 2G
 Pre-touch: Disabled
 Parallel Workers: 14
Heap:
 PSYoungGen      total 12800K, used 2476K [0x00000000d5580000, 0x00000000d6780000, 0x0000000100000000)
  eden space 11264K, 11% used [0x00000000d5580000,0x00000000d56bb188,0x00000000d6080000)
  from space 1536K, 79% used [0x00000000d6600000,0x00000000d6730000,0x00000000d6780000)
  to   space 1536K, 0% used [0x00000000d6480000,0x00000000d6480000,0x00000000d6600000)
 ParOldGen       total 68608K, used 41625K [0x0000000080000000, 0x0000000084300000, 0x00000000d5580000)
  object space 68608K, 60% used [0x0000000080000000,0x00000000828a65f8,0x0000000084300000)
 Metaspace       used 49180K, committed 50560K, reserved 1114112K
  class space    used 5303K, committed 5888K, reserved 1048576K
GC Heap History (20 events):
Event: 32.592 GC heap before
{Heap before GC invocations=20 (full 2):
 PSYoungGen      total 12800K, used 12672K [0x00000000d5580000, 0x00000000d6f00000, 0x0000000100000000)
  eden space 11264K, 100% used [0x00000000d5580000,0x00000000d6080000,0x00000000d6080000)
  from space 1536K, 91% used [0x00000000d6080000,0x00000000d61e0000,0x00000000d6200000)
  to   space 5632K, 0% used [0x00000000d6980000,0x00000000d6980000,0x00000000d6f00000)
 ParOldGen       total 68608K, used 33017K [0x0000000080000000, 0x0000000084300000, 0x00000000d5580000)
  object space 68608K, 48% used [0x0000000080000000,0x000000008203e738,0x0000000084300000)
 Metaspace       used 41666K, committed 42880K, reserved 1114112K
  class space    used 4434K, committed 4992K, reserved 1048576K
}
Event: 32.599 GC heap after
{Heap after GC invocations=20 (full 2):
 PSYoungGen      total 12288K, used 672K [0x00000000d5580000, 0x00000000d6a80000, 0x0000000100000000)
  eden space 11264K, 0% used [0x00000000d5580000,0x00000000d5580000,0x00000000d6080000)
  from space 1024K, 65% used [0x00000000d6980000,0x00000000d6a28000,0x00000000d6a80000)
  to   space 2048K, 0% used [0x00000000d6680000,0x00000000d6680000,0x00000000d6880000)
 ParOldGen       total 68608K, used 34289K [0x0000000080000000, 0x0000000084300000, 0x00000000d5580000)
  object space 68608K, 49% used [0x0000000080000000,0x000000008217c738,0x0000000084300000)
 Metaspace       used 41666K, committed 42880K, reserved 1114112K
  class space    used 4434K, committed 4992K, reserved 1048576K
}
Event: 33.422 GC heap before
{Heap before GC invocations=21 (full 2):
 PSYoungGen      total 12288K, used 11936K [0x00000000d5580000, 0x00000000d6a80000, 0x0000000100000000)
  eden space 11264K, 100% used [0x00000000d5580000,0x00000000d6080000,0x00000000d6080000)
  from space 1024K, 65% used [0x00000000d6980000,0x00000000d6a28000,0x00000000d6a80000)
  to   space 2048K, 0% used [0x00000000d6680000,0x00000000d6680000,0x00000000d6880000)
 ParOldGen       total 68608K, used 34289K [0x0000000080000000, 0x0000000084300000, 0x00000000d5580000)
  object space 68608K, 49% used [0x0000000080000000,0x000000008217c738,0x0000000084300000)
 Metaspace       used 42656K, committed 43904K, reserved 1114112K
  class space    used 4555K, committed 5120K, reserved 1048576K
}
Event: 33.426 GC heap after
{Heap after GC invocations=21 (full 2):
 PSYoungGen      total 13312K, used 992K [0x00000000d5580000, 0x00000000d6a00000, 0x0000000100000000)
  eden space 11264K, 0% used [0x00000000d5580000,0x00000000d5580000,0x00000000d6080000)
  from space 2048K, 48% used [0x00000000d6680000,0x00000000d6778000,0x00000000d6880000)
  to   space 1536K, 0% used [0x00000000d6880000,0x00000000d6880000,0x00000000d6a00000)
 ParOldGen       total 68608K, used 34753K [0x0000000080000000, 0x0000000084300000, 0x00000000d5580000)
  object space 68608K, 50% used [0x0000000080000000,0x00000000821f0748,0x0000000084300000)
 Metaspace       used 42656K, committed 43904K, reserved 1114112K
  class space    used 4555K, committed 5120K, reserved 1048576K
}
Event: 33.881 GC heap before
{Heap before GC invocations=22 (full 2):
 PSYoungGen      total 13312K, used 12256K [0x00000000d5580000, 0x00000000d6a00000, 0x0000000100000000)
  eden space 11264K, 100% used [0x00000000d5580000,0x00000000d6080000,0x00000000d6080000)
  from space 2048K, 48% used [0x00000000d6680000,0x00000000d6778000,0x00000000d6880000)
  to   space 1536K, 0% used [0x00000000d6880000,0x00000000d6880000,0x00000000d6a00000)
 ParOldGen       total 68608K, used 34753K [0x0000000080000000, 0x0000000084300000, 0x00000000d5580000)
  object space 68608K, 50% used [0x0000000080000000,0x00000000821f0748,0x0000000084300000)
 Metaspace       used 44054K, committed 45312K, reserved 1114112K
  class space    used 4745K, committed 5312K, reserved 1048576K
}
Event: 33.885 GC heap after
{Heap after GC invocations=22 (full 2):
 PSYoungGen      total 12288K, used 992K [0x00000000d5580000, 0x00000000d6980000, 0x0000000100000000)
  eden space 11264K, 0% used [0x00000000d5580000,0x00000000d5580000,0x00000000d6080000)
  from space 1024K, 96% used [0x00000000d6880000,0x00000000d6978000,0x00000000d6980000)
  to   space 1024K, 0% used [0x00000000d6780000,0x00000000d6780000,0x00000000d6880000)
 ParOldGen       total 68608K, used 35493K [0x0000000080000000, 0x0000000084300000, 0x00000000d5580000)
  object space 68608K, 51% used [0x0000000080000000,0x00000000822a9458,0x0000000084300000)
 Metaspace       used 44054K, committed 45312K, reserved 1114112K
  class space    used 4745K, committed 5312K, reserved 1048576K
}
Event: 34.804 GC heap before
{Heap before GC invocations=23 (full 2):
 PSYoungGen      total 12288K, used 12255K [0x00000000d5580000, 0x00000000d6980000, 0x0000000100000000)
  eden space 11264K, 99% used [0x00000000d5580000,0x00000000d607ff50,0x00000000d6080000)
  from space 1024K, 96% used [0x00000000d6880000,0x00000000d6978000,0x00000000d6980000)
  to   space 1024K, 0% used [0x00000000d6780000,0x00000000d6780000,0x00000000d6880000)
 ParOldGen       total 68608K, used 35493K [0x0000000080000000, 0x0000000084300000, 0x00000000d5580000)
  object space 68608K, 51% used [0x0000000080000000,0x00000000822a9458,0x0000000084300000)
 Metaspace       used 45414K, committed 46656K, reserved 1114112K
  class space    used 4927K, committed 5504K, reserved 1048576K
}
Event: 34.806 GC heap after
{Heap after GC invocations=23 (full 2):
 PSYoungGen      total 12288K, used 992K [0x00000000d5580000, 0x00000000d6900000, 0x0000000100000000)
  eden space 11264K, 0% used [0x00000000d5580000,0x00000000d5580000,0x00000000d6080000)
  from space 1024K, 96% used [0x00000000d6780000,0x00000000d6878000,0x00000000d6880000)
  to   space 512K, 0% used [0x00000000d6880000,0x00000000d6880000,0x00000000d6900000)
 ParOldGen       total 68608K, used 36277K [0x0000000080000000, 0x0000000084300000, 0x00000000d5580000)
  object space 68608K, 52% used [0x0000000080000000,0x000000008236d478,0x0000000084300000)
 Metaspace       used 45414K, committed 46656K, reserved 1114112K
  class space    used 4927K, committed 5504K, reserved 1048576K
}
Event: 35.876 GC heap before
{Heap before GC invocations=24 (full 2):
 PSYoungGen      total 12288K, used 12256K [0x00000000d5580000, 0x00000000d6900000, 0x0000000100000000)
  eden space 11264K, 100% used [0x00000000d5580000,0x00000000d6080000,0x00000000d6080000)
  from space 1024K, 96% used [0x00000000d6780000,0x00000000d6878000,0x00000000d6880000)
  to   space 512K, 0% used [0x00000000d6880000,0x00000000d6880000,0x00000000d6900000)
 ParOldGen       total 68608K, used 36277K [0x0000000080000000, 0x0000000084300000, 0x00000000d5580000)
  object space 68608K, 52% used [0x0000000080000000,0x000000008236d478,0x0000000084300000)
 Metaspace       used 46501K, committed 47744K, reserved 1114112K
  class space    used 5052K, committed 5632K, reserved 1048576K
}
Event: 35.879 GC heap after
{Heap after GC invocations=24 (full 2):
 PSYoungGen      total 11776K, used 512K [0x00000000d5580000, 0x00000000d6900000, 0x0000000100000000)
  eden space 11264K, 0% used [0x00000000d5580000,0x00000000d5580000,0x00000000d6080000)
  from space 512K, 100% used [0x00000000d6880000,0x00000000d6900000,0x00000000d6900000)
  to   space 2048K, 0% used [0x00000000d6500000,0x00000000d6500000,0x00000000d6700000)
 ParOldGen       total 68608K, used 37297K [0x0000000080000000, 0x0000000084300000, 0x00000000d5580000)
  object space 68608K, 54% used [0x0000000080000000,0x000000008246c498,0x0000000084300000)
 Metaspace       used 46501K, committed 47744K, reserved 1114112K
  class space    used 5052K, committed 5632K, reserved 1048576K
}
Event: 36.419 GC heap before
{Heap before GC invocations=25 (full 2):
 PSYoungGen      total 11776K, used 11776K [0x00000000d5580000, 0x00000000d6900000, 0x0000000100000000)
  eden space 11264K, 100% used [0x00000000d5580000,0x00000000d6080000,0x00000000d6080000)
  from space 512K, 100% used [0x00000000d6880000,0x00000000d6900000,0x00000000d6900000)
  to   space 2048K, 0% used [0x00000000d6500000,0x00000000d6500000,0x00000000d6700000)
 ParOldGen       total 68608K, used 37297K [0x0000000080000000, 0x0000000084300000, 0x00000000d5580000)
  object space 68608K, 54% used [0x0000000080000000,0x000000008246c498,0x0000000084300000)
 Metaspace       used 47372K, committed 48704K, reserved 1114112K
  class space    used 5133K, committed 5696K, reserved 1048576K
}
Event: 36.422 GC heap after
{Heap after GC invocations=25 (full 2):
 PSYoungGen      total 13312K, used 720K [0x00000000d5580000, 0x00000000d6900000, 0x0000000100000000)
  eden space 11264K, 0% used [0x00000000d5580000,0x00000000d5580000,0x00000000d6080000)
  from space 2048K, 35% used [0x00000000d6500000,0x00000000d65b4010,0x00000000d6700000)
  to   space 1024K, 0% used [0x00000000d6800000,0x00000000d6800000,0x00000000d6900000)
 ParOldGen       total 68608K, used 37826K [0x0000000080000000, 0x0000000084300000, 0x00000000d5580000)
  object space 68608K, 55% used [0x0000000080000000,0x00000000824f0b38,0x0000000084300000)
 Metaspace       used 47372K, committed 48704K, reserved 1114112K
  class space    used 5133K, committed 5696K, reserved 1048576K
}
Event: 36.598 GC heap before
{Heap before GC invocations=26 (full 2):
 PSYoungGen      total 13312K, used 11984K [0x00000000d5580000, 0x00000000d6900000, 0x0000000100000000)
  eden space 11264K, 100% used [0x00000000d5580000,0x00000000d6080000,0x00000000d6080000)
  from space 2048K, 35% used [0x00000000d6500000,0x00000000d65b4010,0x00000000d6700000)
  to   space 1024K, 0% used [0x00000000d6800000,0x00000000d6800000,0x00000000d6900000)
 ParOldGen       total 68608K, used 37826K [0x0000000080000000, 0x0000000084300000, 0x00000000d5580000)
  object space 68608K, 55% used [0x0000000080000000,0x00000000824f0b38,0x0000000084300000)
 Metaspace       used 47441K, committed 48832K, reserved 1114112K
  class space    used 5148K, committed 5760K, reserved 1048576K
}
Event: 36.600 GC heap after
{Heap after GC invocations=26 (full 2):
 PSYoungGen      total 11776K, used 480K [0x00000000d5580000, 0x00000000d6880000, 0x0000000100000000)
  eden space 11264K, 0% used [0x00000000d5580000,0x00000000d5580000,0x00000000d6080000)
  from space 512K, 93% used [0x00000000d6800000,0x00000000d6878000,0x00000000d6880000)
  to   space 1024K, 0% used [0x00000000d6680000,0x00000000d6680000,0x00000000d6780000)
 ParOldGen       total 68608K, used 38199K [0x0000000080000000, 0x0000000084300000, 0x00000000d5580000)
  object space 68608K, 55% used [0x0000000080000000,0x000000008254dd08,0x0000000084300000)
 Metaspace       used 47441K, committed 48832K, reserved 1114112K
  class space    used 5148K, committed 5760K, reserved 1048576K
}
Event: 41.188 GC heap before
{Heap before GC invocations=27 (full 2):
 PSYoungGen      total 11776K, used 11744K [0x00000000d5580000, 0x00000000d6880000, 0x0000000100000000)
  eden space 11264K, 100% used [0x00000000d5580000,0x00000000d6080000,0x00000000d6080000)
  from space 512K, 93% used [0x00000000d6800000,0x00000000d6878000,0x00000000d6880000)
  to   space 1024K, 0% used [0x00000000d6680000,0x00000000d6680000,0x00000000d6780000)
 ParOldGen       total 68608K, used 38199K [0x0000000080000000, 0x0000000084300000, 0x00000000d5580000)
  object space 68608K, 55% used [0x0000000080000000,0x000000008254dd08,0x0000000084300000)
 Metaspace       used 49022K, committed 50368K, reserved 1114112K
  class space    used 5298K, committed 5888K, reserved 1048576K
}
Event: 41.191 GC heap after
{Heap after GC invocations=27 (full 2):
 PSYoungGen      total 12288K, used 1016K [0x00000000d5580000, 0x00000000d6880000, 0x0000000100000000)
  eden space 11264K, 0% used [0x00000000d5580000,0x00000000d5580000,0x00000000d6080000)
  from space 1024K, 99% used [0x00000000d6680000,0x00000000d677e1c8,0x00000000d6780000)
  to   space 1024K, 0% used [0x00000000d6780000,0x00000000d6780000,0x00000000d6880000)
 ParOldGen       total 68608K, used 38487K [0x0000000080000000, 0x0000000084300000, 0x00000000d5580000)
  object space 68608K, 56% used [0x0000000080000000,0x0000000082595d08,0x0000000084300000)
 Metaspace       used 49022K, committed 50368K, reserved 1114112K
  class space    used 5298K, committed 5888K, reserved 1048576K
}
Event: 41.464 GC heap before
{Heap before GC invocations=28 (full 2):
 PSYoungGen      total 12288K, used 12280K [0x00000000d5580000, 0x00000000d6880000, 0x0000000100000000)
  eden space 11264K, 99% used [0x00000000d5580000,0x00000000d607ffd8,0x00000000d6080000)
  from space 1024K, 99% used [0x00000000d6680000,0x00000000d677e1c8,0x00000000d6780000)
  to   space 1024K, 0% used [0x00000000d6780000,0x00000000d6780000,0x00000000d6880000)
 ParOldGen       total 68608K, used 38487K [0x0000000080000000, 0x0000000084300000, 0x00000000d5580000)
  object space 68608K, 56% used [0x0000000080000000,0x0000000082595d08,0x0000000084300000)
 Metaspace       used 49178K, committed 50560K, reserved 1114112K
  class space    used 5303K, committed 5888K, reserved 1048576K
}
Event: 41.467 GC heap after
{Heap after GC invocations=28 (full 2):
 PSYoungGen      total 12288K, used 992K [0x00000000d5580000, 0x00000000d6880000, 0x0000000100000000)
  eden space 11264K, 0% used [0x00000000d5580000,0x00000000d5580000,0x00000000d6080000)
  from space 1024K, 96% used [0x00000000d6780000,0x00000000d6878010,0x00000000d6880000)
  to   space 2560K, 0% used [0x00000000d6380000,0x00000000d6380000,0x00000000d6600000)
 ParOldGen       total 68608K, used 39513K [0x0000000080000000, 0x0000000084300000, 0x00000000d5580000)
  object space 68608K, 57% used [0x0000000080000000,0x00000000826965d8,0x0000000084300000)
 Metaspace       used 49178K, committed 50560K, reserved 1114112K
  class space    used 5303K, committed 5888K, reserved 1048576K
}
Event: 41.554 GC heap before
{Heap before GC invocations=29 (full 2):
 PSYoungGen      total 12288K, used 12256K [0x00000000d5580000, 0x00000000d6880000, 0x0000000100000000)
  eden space 11264K, 100% used [0x00000000d5580000,0x00000000d6080000,0x00000000d6080000)
  from space 1024K, 96% used [0x00000000d6780000,0x00000000d6878010,0x00000000d6880000)
  to   space 2560K, 0% used [0x00000000d6380000,0x00000000d6380000,0x00000000d6600000)
 ParOldGen       total 68608K, used 39513K [0x0000000080000000, 0x0000000084300000, 0x00000000d5580000)
  object space 68608K, 57% used [0x0000000080000000,0x00000000826965d8,0x0000000084300000)
 Metaspace       used 49178K, committed 50560K, reserved 1114112K
  class space    used 5303K, committed 5888K, reserved 1048576K
}
Event: 41.558 GC heap after
{Heap after GC invocations=29 (full 2):
 PSYoungGen      total 13824K, used 1376K [0x00000000d5580000, 0x00000000d6800000, 0x0000000100000000)
  eden space 11264K, 0% used [0x00000000d5580000,0x00000000d5580000,0x00000000d6080000)
  from space 2560K, 53% used [0x00000000d6380000,0x00000000d64d8010,0x00000000d6600000)
  to   space 2048K, 0% used [0x00000000d6600000,0x00000000d6600000,0x00000000d6800000)
 ParOldGen       total 68608K, used 40521K [0x0000000080000000, 0x0000000084300000, 0x00000000d5580000)
  object space 68608K, 59% used [0x0000000080000000,0x00000000827925e8,0x0000000084300000)
 Metaspace       used 49178K, committed 50560K, reserved 1114112K
  class space    used 5303K, committed 5888K, reserved 1048576K
}

