# JRE version: OpenJDK Runtime Environment Temurin-21.0.10+7 (21.0.10+7) (build 21.0.10+7-LTS)
# Java VM: OpenJDK 64-Bit Server VM Temurin-21.0.10+7 (21.0.10+7-LTS, mixed mode, sharing, tiered, compressed oops, compressed class ptrs, parallel gc, windows-amd64)
GC Precious Log:
 CardTable entry size: 512
 CPUs: 18 total, 18 available
 Memory: 15805M
 Large Page Support: Disabled
 NUMA Support: Disabled
 Compressed Oops: Enabled (32-bit)
 Alignments: Space 512K, Generation 512K, Heap 2M
 Heap Min Capacity: 100M
 Heap Initial Capacity: 100M
 Heap Max Capacity: 2G
 Pre-touch: Disabled
 Parallel Workers: 14
Heap:
 PSYoungGen      total 11776K, used 6104K [0x00000000d5580000, 0x00000000d7280000, 0x0000000100000000)
  eden space 11264K, 49% used [0x00000000d5580000,0x00000000d5af7570,0x00000000d6080000)
  from space 512K, 99% used [0x00000000d6300000,0x00000000d637ed80,0x00000000d6380000)
  to   space 9216K, 0% used [0x00000000d6980000,0x00000000d6980000,0x00000000d7280000)
 ParOldGen       total 133632K, used 133351K [0x0000000080000000, 0x0000000088280000, 0x00000000d5580000)
  object space 133632K, 99% used [0x0000000080000000,0x0000000088239d48,0x0000000088280000)
 Metaspace       used 66452K, committed 67968K, reserved 1114112K
  class space    used 7005K, committed 7680K, reserved 1048576K
GC Heap History (20 events):
Event: 48.638 GC heap before
{Heap before GC invocations=127 (full 3):
 PSYoungGen      total 12288K, used 11556K [0x00000000d5580000, 0x00000000d6780000, 0x0000000100000000)
  eden space 11264K, 93% used [0x00000000d5580000,0x00000000d5fcf838,0x00000000d6080000)
  from space 1024K, 97% used [0x00000000d6180000,0x00000000d6279968,0x00000000d6280000)
  to   space 3584K, 0% used [0x00000000d6400000,0x00000000d6400000,0x00000000d6780000)
 ParOldGen       total 123392K, used 123126K [0x0000000080000000, 0x0000000087880000, 0x00000000d5580000)
  object space 123392K, 99% used [0x0000000080000000,0x000000008783d8f0,0x0000000087880000)
 Metaspace       used 65938K, committed 67456K, reserved 1114112K
  class space    used 6961K, committed 7616K, reserved 1048576K
}
Event: 48.641 GC heap after
{Heap after GC invocations=127 (full 3):
 PSYoungGen      total 12800K, used 1088K [0x00000000d5580000, 0x00000000d6580000, 0x0000000100000000)
  eden space 11264K, 0% used [0x00000000d5580000,0x00000000d5580000,0x00000000d6080000)
  from space 1536K, 70% used [0x00000000d6400000,0x00000000d6510000,0x00000000d6580000)
  to   space 2048K, 0% used [0x00000000d6180000,0x00000000d6180000,0x00000000d6380000)
 ParOldGen       total 123904K, used 123726K [0x0000000080000000, 0x0000000087900000, 0x00000000d5580000)
  object space 123904K, 99% used [0x0000000080000000,0x00000000878d38f0,0x0000000087900000)
 Metaspace       used 65938K, committed 67456K, reserved 1114112K
  class space    used 6961K, committed 7616K, reserved 1048576K
}
Event: 48.697 GC heap before
{Heap before GC invocations=128 (full 3):
 PSYoungGen      total 12800K, used 11161K [0x00000000d5580000, 0x00000000d6580000, 0x0000000100000000)
  eden space 11264K, 89% used [0x00000000d5580000,0x00000000d5f56448,0x00000000d6080000)
  from space 1536K, 70% used [0x00000000d6400000,0x00000000d6510000,0x00000000d6580000)
  to   space 2048K, 0% used [0x00000000d6180000,0x00000000d6180000,0x00000000d6380000)
 ParOldGen       total 123904K, used 123726K [0x0000000080000000, 0x0000000087900000, 0x00000000d5580000)
  object space 123904K, 99% used [0x0000000080000000,0x00000000878d38f0,0x0000000087900000)
 Metaspace       used 65945K, committed 67456K, reserved 1114112K
  class space    used 6961K, committed 7616K, reserved 1048576K
}
Event: 48.702 GC heap after
{Heap after GC invocations=128 (full 3):
 PSYoungGen      total 13312K, used 352K [0x00000000d5580000, 0x00000000d6480000, 0x0000000100000000)
  eden space 11264K, 0% used [0x00000000d5580000,0x00000000d5580000,0x00000000d6080000)
  from space 2048K, 17% used [0x00000000d6180000,0x00000000d61d8000,0x00000000d6380000)
  to   space 1024K, 0% used [0x00000000d6380000,0x00000000d6380000,0x00000000d6480000)
 ParOldGen       total 124928K, used 124446K [0x0000000080000000, 0x0000000087a00000, 0x00000000d5580000)
  object space 124928K, 99% used [0x0000000080000000,0x00000000879878f0,0x0000000087a00000)
 Metaspace       used 65945K, committed 67456K, reserved 1114112K
  class space    used 6961K, committed 7616K, reserved 1048576K
}
Event: 48.951 GC heap before
{Heap before GC invocations=129 (full 3):
 PSYoungGen      total 13312K, used 11616K [0x00000000d5580000, 0x00000000d6480000, 0x0000000100000000)
  eden space 11264K, 100% used [0x00000000d5580000,0x00000000d6080000,0x00000000d6080000)
  from space 2048K, 17% used [0x00000000d6180000,0x00000000d61d8000,0x00000000d6380000)
  to   space 1024K, 0% used [0x00000000d6380000,0x00000000d6380000,0x00000000d6480000)
 ParOldGen       total 124928K, used 124446K [0x0000000080000000, 0x0000000087a00000, 0x00000000d5580000)
  object space 124928K, 99% used [0x0000000080000000,0x00000000879878f0,0x0000000087a00000)
 Metaspace       used 65998K, committed 67520K, reserved 1114112K
  class space    used 6970K, committed 7616K, reserved 1048576K
}
Event: 48.957 GC heap after
{Heap after GC invocations=129 (full 3):
 PSYoungGen      total 11776K, used 448K [0x00000000d5580000, 0x00000000d6400000, 0x0000000100000000)
  eden space 11264K, 0% used [0x00000000d5580000,0x00000000d5580000,0x00000000d6080000)
  from space 512K, 87% used [0x00000000d6380000,0x00000000d63f0000,0x00000000d6400000)
  to   space 512K, 0% used [0x00000000d6300000,0x00000000d6300000,0x00000000d6380000)
 ParOldGen       total 124928K, used 124534K [0x0000000080000000, 0x0000000087a00000, 0x00000000d5580000)
  object space 124928K, 99% used [0x0000000080000000,0x000000008799d8f0,0x0000000087a00000)
 Metaspace       used 65998K, committed 67520K, reserved 1114112K
  class space    used 6970K, committed 7616K, reserved 1048576K
}
Event: 49.050 GC heap before
{Heap before GC invocations=130 (full 3):
 PSYoungGen      total 11776K, used 11712K [0x00000000d5580000, 0x00000000d6400000, 0x0000000100000000)
  eden space 11264K, 100% used [0x00000000d5580000,0x00000000d6080000,0x00000000d6080000)
  from space 512K, 87% used [0x00000000d6380000,0x00000000d63f0000,0x00000000d6400000)
  to   space 512K, 0% used [0x00000000d6300000,0x00000000d6300000,0x00000000d6380000)
 ParOldGen       total 124928K, used 124534K [0x0000000080000000, 0x0000000087a00000, 0x00000000d5580000)
  object space 124928K, 99% used [0x0000000080000000,0x000000008799d8f0,0x0000000087a00000)
 Metaspace       used 66002K, committed 67520K, reserved 1114112K
  class space    used 6970K, committed 7616K, reserved 1048576K
}
Event: 49.052 GC heap after
{Heap after GC invocations=130 (full 3):
 PSYoungGen      total 11776K, used 499K [0x00000000d5580000, 0x00000000d6400000, 0x0000000100000000)
  eden space 11264K, 0% used [0x00000000d5580000,0x00000000d5580000,0x00000000d6080000)
  from space 512K, 97% used [0x00000000d6300000,0x00000000d637cfb0,0x00000000d6380000)
  to   space 512K, 0% used [0x00000000d6380000,0x00000000d6380000,0x00000000d6400000)
 ParOldGen       total 124928K, used 124710K [0x0000000080000000, 0x0000000087a00000, 0x00000000d5580000)
  object space 124928K, 99% used [0x0000000080000000,0x00000000879c98f0,0x0000000087a00000)
 Metaspace       used 66002K, committed 67520K, reserved 1114112K
  class space    used 6970K, committed 7616K, reserved 1048576K
}
Event: 49.125 GC heap before
{Heap before GC invocations=131 (full 3):
 PSYoungGen      total 11776K, used 11763K [0x00000000d5580000, 0x00000000d6400000, 0x0000000100000000)
  eden space 11264K, 100% used [0x00000000d5580000,0x00000000d6080000,0x00000000d6080000)
  from space 512K, 97% used [0x00000000d6300000,0x00000000d637cfb0,0x00000000d6380000)
  to   space 512K, 0% used [0x00000000d6380000,0x00000000d6380000,0x00000000d6400000)
 ParOldGen       total 124928K, used 124710K [0x0000000080000000, 0x0000000087a00000, 0x00000000d5580000)
  object space 124928K, 99% used [0x0000000080000000,0x00000000879c98f0,0x0000000087a00000)
 Metaspace       used 66010K, committed 67520K, reserved 1114112K
  class space    used 6970K, committed 7616K, reserved 1048576K
}
Event: 49.128 GC heap after
{Heap after GC invocations=131 (full 3):
 PSYoungGen      total 11776K, used 512K [0x00000000d5580000, 0x00000000d6400000, 0x0000000100000000)
  eden space 11264K, 0% used [0x00000000d5580000,0x00000000d5580000,0x00000000d6080000)
  from space 512K, 100% used [0x00000000d6380000,0x00000000d6400000,0x00000000d6400000)
  to   space 1024K, 0% used [0x00000000d6200000,0x00000000d6200000,0x00000000d6300000)
 ParOldGen       total 125952K, used 125528K [0x0000000080000000, 0x0000000087b00000, 0x00000000d5580000)
  object space 125952K, 99% used [0x0000000080000000,0x0000000087a96080,0x0000000087b00000)
 Metaspace       used 66010K, committed 67520K, reserved 1114112K
  class space    used 6970K, committed 7616K, reserved 1048576K
}
Event: 49.216 GC heap before
{Heap before GC invocations=132 (full 3):
 PSYoungGen      total 11776K, used 11776K [0x00000000d5580000, 0x00000000d6400000, 0x0000000100000000)
  eden space 11264K, 100% used [0x00000000d5580000,0x00000000d6080000,0x00000000d6080000)
  from space 512K, 100% used [0x00000000d6380000,0x00000000d6400000,0x00000000d6400000)
  to   space 1024K, 0% used [0x00000000d6200000,0x00000000d6200000,0x00000000d6300000)
 ParOldGen       total 125952K, used 125528K [0x0000000080000000, 0x0000000087b00000, 0x00000000d5580000)
  object space 125952K, 99% used [0x0000000080000000,0x0000000087a96080,0x0000000087b00000)
 Metaspace       used 66017K, committed 67520K, reserved 1114112K
  class space    used 6970K, committed 7616K, reserved 1048576K
}
Event: 49.218 GC heap after
{Heap after GC invocations=132 (full 3):
 PSYoungGen      total 12288K, used 288K [0x00000000d5580000, 0x00000000d6400000, 0x0000000100000000)
  eden space 11264K, 0% used [0x00000000d5580000,0x00000000d5580000,0x00000000d6080000)
  from space 1024K, 28% used [0x00000000d6200000,0x00000000d6248000,0x00000000d6300000)
  to   space 512K, 0% used [0x00000000d6380000,0x00000000d6380000,0x00000000d6400000)
 ParOldGen       total 125952K, used 125816K [0x0000000080000000, 0x0000000087b00000, 0x00000000d5580000)
  object space 125952K, 99% used [0x0000000080000000,0x0000000087ade080,0x0000000087b00000)
 Metaspace       used 66017K, committed 67520K, reserved 1114112K
  class space    used 6970K, committed 7616K, reserved 1048576K
}
Event: 49.332 GC heap before
{Heap before GC invocations=133 (full 3):
 PSYoungGen      total 12288K, used 11552K [0x00000000d5580000, 0x00000000d6400000, 0x0000000100000000)
  eden space 11264K, 100% used [0x00000000d5580000,0x00000000d6080000,0x00000000d6080000)
  from space 1024K, 28% used [0x00000000d6200000,0x00000000d6248000,0x00000000d6300000)
  to   space 512K, 0% used [0x00000000d6380000,0x00000000d6380000,0x00000000d6400000)
 ParOldGen       total 125952K, used 125816K [0x0000000080000000, 0x0000000087b00000, 0x00000000d5580000)
  object space 125952K, 99% used [0x0000000080000000,0x0000000087ade080,0x0000000087b00000)
 Metaspace       used 66054K, committed 67584K, reserved 1114112K
  class space    used 6972K, committed 7616K, reserved 1048576K
}
Event: 49.334 GC heap after
{Heap after GC invocations=133 (full 3):
 PSYoungGen      total 11776K, used 256K [0x00000000d5580000, 0x00000000d6400000, 0x0000000100000000)
  eden space 11264K, 0% used [0x00000000d5580000,0x00000000d5580000,0x00000000d6080000)
  from space 512K, 50% used [0x00000000d6380000,0x00000000d63c0000,0x00000000d6400000)
  to   space 512K, 0% used [0x00000000d6300000,0x00000000d6300000,0x00000000d6380000)
 ParOldGen       total 125952K, used 125896K [0x0000000080000000, 0x0000000087b00000, 0x00000000d5580000)
  object space 125952K, 99% used [0x0000000080000000,0x0000000087af2080,0x0000000087b00000)
 Metaspace       used 66054K, committed 67584K, reserved 1114112K
  class space    used 6972K, committed 7616K, reserved 1048576K
}
Event: 49.384 GC heap before
{Heap before GC invocations=134 (full 3):
 PSYoungGen      total 11776K, used 10883K [0x00000000d5580000, 0x00000000d6400000, 0x0000000100000000)
  eden space 11264K, 94% used [0x00000000d5580000,0x00000000d5fe0f10,0x00000000d6080000)
  from space 512K, 50% used [0x00000000d6380000,0x00000000d63c0000,0x00000000d6400000)
  to   space 512K, 0% used [0x00000000d6300000,0x00000000d6300000,0x00000000d6380000)
 ParOldGen       total 125952K, used 125896K [0x0000000080000000, 0x0000000087b00000, 0x00000000d5580000)
  object space 125952K, 99% used [0x0000000080000000,0x0000000087af2080,0x0000000087b00000)
 Metaspace       used 66060K, committed 67584K, reserved 1114112K
  class space    used 6972K, committed 7616K, reserved 1048576K
}
Event: 49.386 GC heap after
{Heap after GC invocations=134 (full 3):
 PSYoungGen      total 11776K, used 352K [0x00000000d5580000, 0x00000000d6400000, 0x0000000100000000)
  eden space 11264K, 0% used [0x00000000d5580000,0x00000000d5580000,0x00000000d6080000)
  from space 512K, 68% used [0x00000000d6300000,0x00000000d6358000,0x00000000d6380000)
  to   space 512K, 0% used [0x00000000d6380000,0x00000000d6380000,0x00000000d6400000)
 ParOldGen       total 126464K, used 125984K [0x0000000080000000, 0x0000000087b80000, 0x00000000d5580000)
  object space 126464K, 99% used [0x0000000080000000,0x0000000087b08080,0x0000000087b80000)
 Metaspace       used 66060K, committed 67584K, reserved 1114112K
  class space    used 6972K, committed 7616K, reserved 1048576K
}
Event: 125.670 GC heap before
{Heap before GC invocations=135 (full 3):
 PSYoungGen      total 11776K, used 11616K [0x00000000d5580000, 0x00000000d6400000, 0x0000000100000000)
  eden space 11264K, 100% used [0x00000000d5580000,0x00000000d6080000,0x00000000d6080000)
  from space 512K, 68% used [0x00000000d6300000,0x00000000d6358000,0x00000000d6380000)
  to   space 512K, 0% used [0x00000000d6380000,0x00000000d6380000,0x00000000d6400000)
 ParOldGen       total 126464K, used 125984K [0x0000000080000000, 0x0000000087b80000, 0x00000000d5580000)
  object space 126464K, 99% used [0x0000000080000000,0x0000000087b08080,0x0000000087b80000)
 Metaspace       used 66074K, committed 67584K, reserved 1114112K
  class space    used 6973K, committed 7616K, reserved 1048576K
}
Event: 125.672 GC heap after
{Heap after GC invocations=135 (full 3):
 PSYoungGen      total 11776K, used 384K [0x00000000d5580000, 0x00000000d6400000, 0x0000000100000000)
  eden space 11264K, 0% used [0x00000000d5580000,0x00000000d5580000,0x00000000d6080000)
  from space 512K, 75% used [0x00000000d6380000,0x00000000d63e0000,0x00000000d6400000)
  to   space 512K, 0% used [0x00000000d6300000,0x00000000d6300000,0x00000000d6380000)
 ParOldGen       total 126464K, used 126080K [0x0000000080000000, 0x0000000087b80000, 0x00000000d5580000)
  object space 126464K, 99% used [0x0000000080000000,0x0000000087b20080,0x0000000087b80000)
 Metaspace       used 66074K, committed 67584K, reserved 1114112K
  class space    used 6973K, committed 7616K, reserved 1048576K
}
Event: 125.733 GC heap before
{Heap before GC invocations=136 (full 3):
 PSYoungGen      total 11776K, used 11648K [0x00000000d5580000, 0x00000000d6400000, 0x0000000100000000)
  eden space 11264K, 100% used [0x00000000d5580000,0x00000000d6080000,0x00000000d6080000)
  from space 512K, 75% used [0x00000000d6380000,0x00000000d63e0000,0x00000000d6400000)
  to   space 512K, 0% used [0x00000000d6300000,0x00000000d6300000,0x00000000d6380000)
 ParOldGen       total 126464K, used 126080K [0x0000000080000000, 0x0000000087b80000, 0x00000000d5580000)
  object space 126464K, 99% used [0x0000000080000000,0x0000000087b20080,0x0000000087b80000)
 Metaspace       used 66111K, committed 67584K, reserved 1114112K
  class space    used 6974K, committed 7616K, reserved 1048576K
}
Event: 125.737 GC heap after
{Heap after GC invocations=136 (full 3):
 PSYoungGen      total 11776K, used 507K [0x00000000d5580000, 0x00000000d7280000, 0x0000000100000000)
  eden space 11264K, 0% used [0x00000000d5580000,0x00000000d5580000,0x00000000d6080000)
  from space 512K, 99% used [0x00000000d6300000,0x00000000d637ed80,0x00000000d6380000)
  to   space 9216K, 0% used [0x00000000d6980000,0x00000000d6980000,0x00000000d7280000)
 ParOldGen       total 133632K, used 133351K [0x0000000080000000, 0x0000000088280000, 0x00000000d5580000)
  object space 133632K, 99% used [0x0000000080000000,0x0000000088239d48,0x0000000088280000)
 Metaspace       used 66111K, committed 67584K, reserved 1114112K
  class space    used 6974K, committed 7616K, reserved 1048576K
}

